Using pre-set license
Built from '2021.3/staging' branch; Version is '2021.3.14f1 (eee1884e7226) revision 15655304'; Using compiler version '192829333'; Build Type 'Release'
OS: 'Windows 10  (10.0.19044) 64bit CoreSingleLanguage' Language: 'en' Physical Memory: 32604 MB
BatchMode: 1, IsHumanControllingUs: 0, StartBugReporterOnCrash: 0, Is64bit: 1, IsPro: 1

COMMAND LINE ARGUMENTS:
C:\Program Files (x86)\2021.3.14f1\Editor\Unity.exe
-adb2
-batchMode
-noUpm
-name
AssetImportWorker8
-projectPath
D:/Yüksek Lisans/Server/Playfab - Copy
-logFile
Logs/AssetImportWorker8.log
-srvPort
50686
Successfully changed project path to: D:/Yüksek Lisans/Server/Playfab - Copy
D:/Yüksek Lisans/Server/Playfab - Copy
[UnityMemory] Configuration Parameters - Can be set up in boot.config
    "memorysetup-bucket-allocator-granularity=16"
    "memorysetup-bucket-allocator-bucket-count=8"
    "memorysetup-bucket-allocator-block-size=33554432"
    "memorysetup-bucket-allocator-block-count=8"
    "memorysetup-main-allocator-block-size=16777216"
    "memorysetup-thread-allocator-block-size=16777216"
    "memorysetup-gfx-main-allocator-block-size=16777216"
    "memorysetup-gfx-thread-allocator-block-size=16777216"
    "memorysetup-cache-allocator-block-size=4194304"
    "memorysetup-typetree-allocator-block-size=2097152"
    "memorysetup-profiler-bucket-allocator-granularity=16"
    "memorysetup-profiler-bucket-allocator-bucket-count=8"
    "memorysetup-profiler-bucket-allocator-block-size=33554432"
    "memorysetup-profiler-bucket-allocator-block-count=8"
    "memorysetup-profiler-allocator-block-size=16777216"
    "memorysetup-profiler-editor-allocator-block-size=1048576"
    "memorysetup-temp-allocator-size-main=16777216"
    "memorysetup-job-temp-allocator-block-size=2097152"
    "memorysetup-job-temp-allocator-block-size-background=1048576"
    "memorysetup-job-temp-allocator-reduction-small-platforms=262144"
    "memorysetup-temp-allocator-size-background-worker=32768"
    "memorysetup-temp-allocator-size-job-worker=262144"
    "memorysetup-temp-allocator-size-preload-manager=33554432"
    "memorysetup-temp-allocator-size-nav-mesh-worker=65536"
    "memorysetup-temp-allocator-size-audio-worker=65536"
    "memorysetup-temp-allocator-size-cloud-worker=32768"
    "memorysetup-temp-allocator-size-gi-baking-worker=262144"
    "memorysetup-temp-allocator-size-gfx=262144"
Refreshing native plugins compatible for Editor in 111.00 ms, found 3 plugins.
Preloading 0 native plugins for Editor in 0.00 ms.
Initialize engine version: 2021.3.14f1 (eee1884e7226)
[Subsystems] Discovering subsystems at path C:/Program Files (x86)/2021.3.14f1/Editor/Data/Resources/UnitySubsystems
[Subsystems] Discovering subsystems at path D:/Yüksek Lisans/Server/Playfab - Copy/Assets
GfxDevice: creating device client; threaded=0; jobified=0
Direct3D:
    Version:  Direct3D 11.0 [level 11.1]
    Renderer: NVIDIA GeForce RTX 3060 Laptop GPU (ID=0x2520)
    Vendor:   NVIDIA
    VRAM:     6023 MB
    Driver:   27.21.14.6140
Initialize mono
Mono path[0] = 'C:/Program Files (x86)/2021.3.14f1/Editor/Data/Managed'
Mono path[1] = 'C:/Program Files (x86)/2021.3.14f1/Editor/Data/MonoBleedingEdge/lib/mono/unityjit-win32'
Mono config path = 'C:/Program Files (x86)/2021.3.14f1/Editor/Data/MonoBleedingEdge/etc'
Using monoOptions --debugger-agent=transport=dt_socket,embedding=1,server=y,suspend=n,address=127.0.0.1:56356
Begin MonoManager ReloadAssembly
Registering precompiled unity dll's ...
Register platform support module: C:/Program Files (x86)/2021.3.14f1/Editor/Data/PlaybackEngines/WindowsStandaloneSupport/UnityEditor.WindowsStandalone.Extensions.dll
Registered in 0.006037 seconds.
Native extension for WindowsStandalone target not found
Refreshing native plugins compatible for Editor in 85.87 ms, found 3 plugins.
Preloading 0 native plugins for Editor in 0.00 ms.
Mono: successfully reloaded assembly
- Completed reload, in  0.662 seconds
Domain Reload Profiling:
	ReloadAssembly (662ms)
		BeginReloadAssembly (81ms)
			ExecutionOrderSort (0ms)
			DisableScriptedObjects (0ms)
			BackupInstance (0ms)
			ReleaseScriptingObjects (0ms)
			CreateAndSetChildDomain (1ms)
		EndReloadAssembly (462ms)
			LoadAssemblies (77ms)
			RebuildTransferFunctionScriptingTraits (0ms)
			SetupTypeCache (114ms)
			ReleaseScriptCaches (0ms)
			RebuildScriptCaches (32ms)
			SetupLoadedEditorAssemblies (264ms)
				LogAssemblyErrors (0ms)
				InitializePlatformSupportModulesInManaged (8ms)
				SetLoadedEditorAssemblies (0ms)
				RefreshPlugins (86ms)
				BeforeProcessingInitializeOnLoad (1ms)
				ProcessInitializeOnLoadAttributes (122ms)
				ProcessInitializeOnLoadMethodAttributes (46ms)
				AfterProcessingInitializeOnLoad (0ms)
				EditorAssembliesLoaded (0ms)
			ExecutionOrderSort2 (0ms)
			AwakeInstancesAfterBackupRestoration (0ms)
Platform modules already initialized, skipping
Registering precompiled user dll's ...
Registered in 0.009484 seconds.
Begin MonoManager ReloadAssembly
Symbol file LoadedFromMemory doesn't match image D:\Yüksek Lisans\Server\Playfab - Copy\Library\PackageCache\com.unity.visualscripting@1.7.8\Editor\VisualScripting.Core\Dependencies\YamlDotNet\Unity.VisualScripting.YamlDotNet.dll
Symbol file LoadedFromMemory doesn't match image D:\Yüksek Lisans\Server\Playfab - Copy\Library\PackageCache\com.unity.visualscripting@1.7.8\Editor\VisualScripting.Core\Dependencies\DotNetZip\Unity.VisualScripting.IonicZip.dll
Native extension for WindowsStandalone target not found
Refreshing native plugins compatible for Editor in 0.75 ms, found 3 plugins.
Preloading 0 native plugins for Editor in 0.00 ms.
Launched and connected shader compiler UnityShaderCompiler.exe after 0.04 seconds
Mono: successfully reloaded assembly
- Completed reload, in  1.860 seconds
Domain Reload Profiling:
	ReloadAssembly (1861ms)
		BeginReloadAssembly (127ms)
			ExecutionOrderSort (0ms)
			DisableScriptedObjects (6ms)
			BackupInstance (0ms)
			ReleaseScriptingObjects (0ms)
			CreateAndSetChildDomain (23ms)
		EndReloadAssembly (1607ms)
			LoadAssemblies (101ms)
			RebuildTransferFunctionScriptingTraits (0ms)
			SetupTypeCache (363ms)
			ReleaseScriptCaches (1ms)
			RebuildScriptCaches (66ms)
			SetupLoadedEditorAssemblies (1048ms)
				LogAssemblyErrors (0ms)
				InitializePlatformSupportModulesInManaged (6ms)
				SetLoadedEditorAssemblies (1ms)
				RefreshPlugins (1ms)
				BeforeProcessingInitializeOnLoad (98ms)
				ProcessInitializeOnLoadAttributes (686ms)
				ProcessInitializeOnLoadMethodAttributes (248ms)
				AfterProcessingInitializeOnLoad (9ms)
				EditorAssembliesLoaded (0ms)
			ExecutionOrderSort2 (0ms)
			AwakeInstancesAfterBackupRestoration (5ms)
Platform modules already initialized, skipping
========================================================================
Worker process is ready to serve import requests
Refreshing native plugins compatible for Editor in 0.78 ms, found 3 plugins.
Preloading 0 native plugins for Editor in 0.00 ms.
Unloading 3900 Unused Serialized files (Serialized files now loaded: 0)
Unloading 49 unused Assets / (58.2 KB). Loaded Objects now: 4405.
Memory consumption went from 139.0 MB to 138.9 MB.
Total: 23.845500 ms (FindLiveObjects: 0.953100 ms CreateObjectMapping: 0.407100 ms MarkObjects: 22.341300 ms  DeleteObjects: 0.142500 ms)

AssetImportParameters requested are different than current active one (requested -> active):
  custom:video-decoder-ogg-theora: a1e56fd34408186e4bbccfd4996cb3dc -> 
  custom:container-muxer-webm: aa71ff27fc2769a1b78a27578f13a17b -> 
  custom:container-demuxer-webm: 4f35f7cbe854078d1ac9338744f61a02 -> 
  custom:video-encoder-webm-vp8: eb34c28f22e8b96e1ab97ce403110664 -> 
  custom:audio-encoder-webm-vorbis: bf7c407c2cedff20999df2af8eb42d56 -> 
  custom:framework-win-MediaFoundation: 216162199b28c13a410421893ffa2e32 -> 
  custom:container-demuxer-ogg: 62fdf1f143b41e24485cea50d1cbac27 -> 
  custom:video-decoder-webm-vp8: 9c59270c3fd7afecdb556c50c9e8de78 -> 
  custom:audio-decoder-ogg-vorbis: bf7c407c2cedff20999df2af8eb42d56 -> 
========================================================================
Received Import Request.
  Time since last request: 1511614.463908 seconds.
  path: Assets/Fantasy UI/Resource Icons/UI_Graphic_Resource_Gems.png
  artifactKey: Guid(51cbf6e0aefa3464ba1c716d3be413aa) Importer(815301076,1909f56bfc062723c751e8b465ee728b)
Start importing Assets/Fantasy UI/Resource Icons/UI_Graphic_Resource_Gems.png using Guid(51cbf6e0aefa3464ba1c716d3be413aa) Importer(815301076,1909f56bfc062723c751e8b465ee728b)  -> (artifact id: 'a6d80d3494e222e918ece58ecce70d9d') in 0.182541 seconds 
========================================================================
Received Import Request.
  Time since last request: 2.262614 seconds.
  path: Assets/Fantasy UI/PSD/FantasyUI.psd
  artifactKey: Guid(e3b39dc5c7e904bd1a735e098b4579ee) Importer(815301076,1909f56bfc062723c751e8b465ee728b)
Start importing Assets/Fantasy UI/PSD/FantasyUI.psd using Guid(e3b39dc5c7e904bd1a735e098b4579ee) Importer(815301076,1909f56bfc062723c751e8b465ee728b)  -> (artifact id: '47dc400b81a5fdbde6af3d4a9f4ccaea') in 0.028916 seconds 
========================================================================
Received Import Request.
  Time since last request: 3.133710 seconds.
  path: Assets/Fantasy UI/Simple Vector Icons/128px/UI_Icon_AD.png
  artifactKey: Guid(aa690e6ef8597407997f3b4f54055779) Importer(815301076,1909f56bfc062723c751e8b465ee728b)
Start importing Assets/Fantasy UI/Simple Vector Icons/128px/UI_Icon_AD.png using Guid(aa690e6ef8597407997f3b4f54055779) Importer(815301076,1909f56bfc062723c751e8b465ee728b)  -> (artifact id: '4544ed29edd8544b562a774e4d229577') in 0.038062 seconds 
========================================================================
Received Import Request.
  Time since last request: 0.000022 seconds.
  path: Assets/Fantasy UI/Simple Vector Icons/128px/UI_Icon_ArrowRight.png
  artifactKey: Guid(88e01b918e6f74dc29d31ccf3e10e1b2) Importer(815301076,1909f56bfc062723c751e8b465ee728b)
Start importing Assets/Fantasy UI/Simple Vector Icons/128px/UI_Icon_ArrowRight.png using Guid(88e01b918e6f74dc29d31ccf3e10e1b2) Importer(815301076,1909f56bfc062723c751e8b465ee728b)  -> (artifact id: 'a9a6be3d15ee0ff27e562ac462a2bee8') in 0.015777 seconds 
========================================================================
Received Import Request.
  Time since last request: 0.000044 seconds.
  path: Assets/Fantasy UI/Simple Vector Icons/128px/UI_Icon_BtnDpadDirLeft.png
  artifactKey: Guid(70686a9bc70a345d08405a1042576070) Importer(815301076,1909f56bfc062723c751e8b465ee728b)
Start importing Assets/Fantasy UI/Simple Vector Icons/128px/UI_Icon_BtnDpadDirLeft.png using Guid(70686a9bc70a345d08405a1042576070) Importer(815301076,1909f56bfc062723c751e8b465ee728b)  -> (artifact id: '4f00a89abf72c4ea57116b84be5864ee') in 0.016273 seconds 
========================================================================
Received Import Request.
  Time since last request: 0.000018 seconds.
  path: Assets/Fantasy UI/Simple Vector Icons/128px/UI_Icon_Bag1.png
  artifactKey: Guid(a386c089871964b388f23b5dc364c32b) Importer(815301076,1909f56bfc062723c751e8b465ee728b)
Start importing Assets/Fantasy UI/Simple Vector Icons/128px/UI_Icon_Bag1.png using Guid(a386c089871964b388f23b5dc364c32b) Importer(815301076,1909f56bfc062723c751e8b465ee728b)  -> (artifact id: '683ebba57655e02c69895b2bf956bad8') in 0.018749 seconds 
========================================================================
Received Import Request.
  Time since last request: 0.000025 seconds.
  path: Assets/Fantasy UI/Simple Vector Icons/128px/UI_Icon_Award.png
  artifactKey: Guid(9e6f65e6cb1f743e9886d87aec9b1c9e) Importer(815301076,1909f56bfc062723c751e8b465ee728b)
Start importing Assets/Fantasy UI/Simple Vector Icons/128px/UI_Icon_Award.png using Guid(9e6f65e6cb1f743e9886d87aec9b1c9e) Importer(815301076,1909f56bfc062723c751e8b465ee728b)  -> (artifact id: '736ca3591c92207e0cd27c4171a182b4') in 0.015763 seconds 
========================================================================
Received Import Request.
  Time since last request: 0.000020 seconds.
  path: Assets/Fantasy UI/Simple Vector Icons/128px/UI_Icon_BtnR2.png
  artifactKey: Guid(50fb92f873f90451787e4c37a805f2ef) Importer(815301076,1909f56bfc062723c751e8b465ee728b)
Start importing Assets/Fantasy UI/Simple Vector Icons/128px/UI_Icon_BtnR2.png using Guid(50fb92f873f90451787e4c37a805f2ef) Importer(815301076,1909f56bfc062723c751e8b465ee728b)  -> (artifact id: '38bb678ba4bb6c749adb62b1f9847c89') in 0.013942 seconds 
========================================================================
Received Import Request.
  Time since last request: 0.000025 seconds.
  path: Assets/Fantasy UI/Simple Vector Icons/128px/UI_Icon_Bookmark.png
  artifactKey: Guid(da86b37ddd16f402ab455e3109e4f7c4) Importer(815301076,1909f56bfc062723c751e8b465ee728b)
Start importing Assets/Fantasy UI/Simple Vector Icons/128px/UI_Icon_Bookmark.png using Guid(da86b37ddd16f402ab455e3109e4f7c4) Importer(815301076,1909f56bfc062723c751e8b465ee728b)  -> (artifact id: '350d006fc1bbf5c7e107789cd727ac9b') in 0.015259 seconds 
========================================================================
Received Import Request.
  Time since last request: 0.000040 seconds.
  path: Assets/Fantasy UI/Simple Vector Icons/128px/UI_Icon_BtnR3.png
  artifactKey: Guid(10019e691617045a08eab3cd67f44416) Importer(815301076,1909f56bfc062723c751e8b465ee728b)
Start importing Assets/Fantasy UI/Simple Vector Icons/128px/UI_Icon_BtnR3.png using Guid(10019e691617045a08eab3cd67f44416) Importer(815301076,1909f56bfc062723c751e8b465ee728b)  -> (artifact id: 'c01cfe981ca408444ab4fae53400345e') in 0.013468 seconds 
========================================================================
Received Import Request.
  Time since last request: 0.000026 seconds.
  path: Assets/Fantasy UI/Simple Vector Icons/128px/UI_Icon_ArrowDown.png
  artifactKey: Guid(e86240af348b54158859ef4b22c5b092) Importer(815301076,1909f56bfc062723c751e8b465ee728b)
Start importing Assets/Fantasy UI/Simple Vector Icons/128px/UI_Icon_ArrowDown.png using Guid(e86240af348b54158859ef4b22c5b092) Importer(815301076,1909f56bfc062723c751e8b465ee728b)  -> (artifact id: '17d71160529a1ef1f678f3feaa2e9a6f') in 0.016332 seconds 
========================================================================
Received Import Request.
  Time since last request: 0.000021 seconds.
  path: Assets/Fantasy UI/Simple Vector Icons/128px/UI_Icon_BoneBroken.png
  artifactKey: Guid(a4f111cf18aa344318aec6541631958f) Importer(815301076,1909f56bfc062723c751e8b465ee728b)
Start importing Assets/Fantasy UI/Simple Vector Icons/128px/UI_Icon_BoneBroken.png using Guid(a4f111cf18aa344318aec6541631958f) Importer(815301076,1909f56bfc062723c751e8b465ee728b)  -> (artifact id: '3fa9fcfb4c79316969856ab6555f37c0') in 0.014382 seconds 
========================================================================
Received Import Request.
  Time since last request: 0.000020 seconds.
  path: Assets/Fantasy UI/Simple Vector Icons/128px/UI_Icon_ArrowUpDown.png
  artifactKey: Guid(90651b6905bfc48199501c3f6a179831) Importer(815301076,1909f56bfc062723c751e8b465ee728b)
Start importing Assets/Fantasy UI/Simple Vector Icons/128px/UI_Icon_ArrowUpDown.png using Guid(90651b6905bfc48199501c3f6a179831) Importer(815301076,1909f56bfc062723c751e8b465ee728b)  -> (artifact id: '23c7b2aea80284fb693b005885a536a4') in 0.014714 seconds 
========================================================================
Received Import Request.
  Time since last request: 0.000026 seconds.
  path: Assets/Fantasy UI/Simple Vector Icons/128px/UI_Icon_BtnL2.png
  artifactKey: Guid(1a435c5487d174ada8030b6ea530a924) Importer(815301076,1909f56bfc062723c751e8b465ee728b)
Start importing Assets/Fantasy UI/Simple Vector Icons/128px/UI_Icon_BtnL2.png using Guid(1a435c5487d174ada8030b6ea530a924) Importer(815301076,1909f56bfc062723c751e8b465ee728b)  -> (artifact id: '6b6dbf91ba1c27bb5dd427d7f596edce') in 0.015539 seconds 
========================================================================
Received Import Request.
  Time since last request: 0.000028 seconds.
  path: Assets/Fantasy UI/Simple Vector Icons/128px/UI_Icon_BtnPsTriangleRound.png
  artifactKey: Guid(8ef28e47353964e7c935c9b57df0c7ab) Importer(815301076,1909f56bfc062723c751e8b465ee728b)
Start importing Assets/Fantasy UI/Simple Vector Icons/128px/UI_Icon_BtnPsTriangleRound.png using Guid(8ef28e47353964e7c935c9b57df0c7ab) Importer(815301076,1909f56bfc062723c751e8b465ee728b)  -> (artifact id: 'e016cbda7ed659967ebb00934e8f5fcd') in 0.014953 seconds 
========================================================================
Received Import Request.
  Time since last request: 0.116206 seconds.
  path: Assets/Fantasy UI/Simple Vector Icons/Source/SimpleVectorIcons.psd
  artifactKey: Guid(abbf171195569422483b78e720596e46) Importer(815301076,1909f56bfc062723c751e8b465ee728b)
Start importing Assets/Fantasy UI/Simple Vector Icons/Source/SimpleVectorIcons.psd using Guid(abbf171195569422483b78e720596e46) Importer(815301076,1909f56bfc062723c751e8b465ee728b)  -> (artifact id: 'e25ea4812074016b46c12f5c3f80f69e') in 0.013578 seconds 
========================================================================
Received Import Request.
  Time since last request: 13.013737 seconds.
  path: Assets/Fantasy UI/Resource Icons/Source
  artifactKey: Guid(6e2d84f64773a45d2bfc1dd2cce7dcfd) Importer(815301076,1909f56bfc062723c751e8b465ee728b)
Start importing Assets/Fantasy UI/Resource Icons/Source using Guid(6e2d84f64773a45d2bfc1dd2cce7dcfd) Importer(815301076,1909f56bfc062723c751e8b465ee728b)  -> (artifact id: '34a45005c712491a5b81f19dde22613c') in 0.006544 seconds 
========================================================================
Received Import Request.
  Time since last request: 25.410622 seconds.
  path: Assets/Fantasy UI/Samples/PopUp.unity
  artifactKey: Guid(ad4d2d308f979491b8b6db53ea8810c0) Importer(815301076,1909f56bfc062723c751e8b465ee728b)
Start importing Assets/Fantasy UI/Samples/PopUp.unity using Guid(ad4d2d308f979491b8b6db53ea8810c0) Importer(815301076,1909f56bfc062723c751e8b465ee728b)  -> (artifact id: '2b2b306c987d039e12fc65d303b902ec') in 0.007503 seconds 
========================================================================
Received Import Request.
  Time since last request: 4.290034 seconds.
  path: Assets/Fantasy UI/Samples/Settings.unity
  artifactKey: Guid(5876fbd3f8c8c4178b5157763677bbd5) Importer(815301076,1909f56bfc062723c751e8b465ee728b)
Start importing Assets/Fantasy UI/Samples/Settings.unity using Guid(5876fbd3f8c8c4178b5157763677bbd5) Importer(815301076,1909f56bfc062723c751e8b465ee728b)  -> (artifact id: '386abce0dbe97584da1ef4f26af4a187') in 0.006181 seconds 
========================================================================
Received Import Request.
  Time since last request: 1.356119 seconds.
  path: Assets/Fantasy UI/Samples/Shop.unity
  artifactKey: Guid(ffe023be194764ccea4db06cc31759f7) Importer(815301076,1909f56bfc062723c751e8b465ee728b)
Start importing Assets/Fantasy UI/Samples/Shop.unity using Guid(ffe023be194764ccea4db06cc31759f7) Importer(815301076,1909f56bfc062723c751e8b465ee728b)  -> (artifact id: '32c2968247dcfea24d822d4c5177856e') in 0.008620 seconds 
========================================================================
Received Import Request.
  Time since last request: 179.118903 seconds.
  path: Assets/Fantasy UI/Samples
  artifactKey: Guid(9251678fe6032450f840c6a9a7572f1f) Importer(815301076,1909f56bfc062723c751e8b465ee728b)
Start importing Assets/Fantasy UI/Samples using Guid(9251678fe6032450f840c6a9a7572f1f) Importer(815301076,1909f56bfc062723c751e8b465ee728b)  -> (artifact id: 'a8c47b24d2704eb6c69e7210282eeecb') in 0.006585 seconds 
========================================================================
Received Prepare
Registering precompiled user dll's ...
Registered in 0.010087 seconds.
Begin MonoManager ReloadAssembly
Symbol file LoadedFromMemory doesn't match image D:\Yüksek Lisans\Server\Playfab - Copy\Library\PackageCache\com.unity.visualscripting@1.7.8\Editor\VisualScripting.Core\Dependencies\YamlDotNet\Unity.VisualScripting.YamlDotNet.dll
Symbol file LoadedFromMemory doesn't match image D:\Yüksek Lisans\Server\Playfab - Copy\Library\PackageCache\com.unity.visualscripting@1.7.8\Editor\VisualScripting.Core\Dependencies\DotNetZip\Unity.VisualScripting.IonicZip.dll
Native extension for WindowsStandalone target not found
Refreshing native plugins compatible for Editor in 1.02 ms, found 3 plugins.
Preloading 0 native plugins for Editor in 0.00 ms.
[ScriptCompilation] NOT recompiling all scripts because this is an import worker process. Reason to compile was: Define symbols changed
Mono: successfully reloaded assembly
- Completed reload, in  2.818 seconds
Domain Reload Profiling:
	ReloadAssembly (2819ms)
		BeginReloadAssembly (157ms)
			ExecutionOrderSort (0ms)
			DisableScriptedObjects (6ms)
			BackupInstance (0ms)
			ReleaseScriptingObjects (0ms)
			CreateAndSetChildDomain (53ms)
		EndReloadAssembly (2558ms)
			LoadAssemblies (104ms)
			RebuildTransferFunctionScriptingTraits (0ms)
			SetupTypeCache (391ms)
			ReleaseScriptCaches (1ms)
			RebuildScriptCaches (39ms)
			SetupLoadedEditorAssemblies (1973ms)
				LogAssemblyErrors (0ms)
				InitializePlatformSupportModulesInManaged (13ms)
				SetLoadedEditorAssemblies (0ms)
				RefreshPlugins (1ms)
				BeforeProcessingInitializeOnLoad (72ms)
				ProcessInitializeOnLoadAttributes (1611ms)
				ProcessInitializeOnLoadMethodAttributes (266ms)
				AfterProcessingInitializeOnLoad (11ms)
				EditorAssembliesLoaded (0ms)
			ExecutionOrderSort2 (0ms)
			AwakeInstancesAfterBackupRestoration (9ms)
Platform modules already initialized, skipping
Refreshing native plugins compatible for Editor in 4.25 ms, found 3 plugins.
Preloading 0 native plugins for Editor in 0.00 ms.
Unloading 4010 Unused Serialized files (Serialized files now loaded: 0)
Unloading 79 unused Assets / (3.3 MB). Loaded Objects now: 4513.
Memory consumption went from 152.6 MB to 149.3 MB.
Total: 21.377300 ms (FindLiveObjects: 0.349100 ms CreateObjectMapping: 0.253100 ms MarkObjects: 19.737800 ms  DeleteObjects: 1.036000 ms)

AssetImportParameters requested are different than current active one (requested -> active):
  custom:video-decoder-ogg-theora: a1e56fd34408186e4bbccfd4996cb3dc -> 
  custom:container-muxer-webm: aa71ff27fc2769a1b78a27578f13a17b -> 
  custom:container-demuxer-webm: 4f35f7cbe854078d1ac9338744f61a02 -> 
  custom:video-encoder-webm-vp8: eb34c28f22e8b96e1ab97ce403110664 -> 
  custom:audio-encoder-webm-vorbis: bf7c407c2cedff20999df2af8eb42d56 -> 
  custom:framework-win-MediaFoundation: 216162199b28c13a410421893ffa2e32 -> 
  custom:container-demuxer-ogg: 62fdf1f143b41e24485cea50d1cbac27 -> 
  custom:video-decoder-webm-vp8: 9c59270c3fd7afecdb556c50c9e8de78 -> 
  custom:audio-decoder-ogg-vorbis: bf7c407c2cedff20999df2af8eb42d56 -> 
