Using pre-set license
Built from '2021.3/staging' branch; Version is '2021.3.14f1 (eee1884e7226) revision 15655304'; Using compiler version '192829333'; Build Type 'Release'
OS: 'Windows 10  (10.0.19044) 64bit CoreSingleLanguage' Language: 'en' Physical Memory: 32604 MB
BatchMode: 1, IsHumanControllingUs: 0, StartBugReporterOnCrash: 0, Is64bit: 1, IsPro: 1

COMMAND LINE ARGUMENTS:
C:\Program Files (x86)\2021.3.14f1\Editor\Unity.exe
-adb2
-batchMode
-noUpm
-name
AssetImportWorker9
-projectPath
D:/Yüksek Lisans/Server/Playfab - Copy
-logFile
Logs/AssetImportWorker9.log
-srvPort
50686
Successfully changed project path to: D:/Yüksek Lisans/Server/Playfab - Copy
D:/Yüksek Lisans/Server/Playfab - Copy
[UnityMemory] Configuration Parameters - Can be set up in boot.config
    "memorysetup-bucket-allocator-granularity=16"
    "memorysetup-bucket-allocator-bucket-count=8"
    "memorysetup-bucket-allocator-block-size=33554432"
    "memorysetup-bucket-allocator-block-count=8"
    "memorysetup-main-allocator-block-size=16777216"
    "memorysetup-thread-allocator-block-size=16777216"
    "memorysetup-gfx-main-allocator-block-size=16777216"
    "memorysetup-gfx-thread-allocator-block-size=16777216"
    "memorysetup-cache-allocator-block-size=4194304"
    "memorysetup-typetree-allocator-block-size=2097152"
    "memorysetup-profiler-bucket-allocator-granularity=16"
    "memorysetup-profiler-bucket-allocator-bucket-count=8"
    "memorysetup-profiler-bucket-allocator-block-size=33554432"
    "memorysetup-profiler-bucket-allocator-block-count=8"
    "memorysetup-profiler-allocator-block-size=16777216"
    "memorysetup-profiler-editor-allocator-block-size=1048576"
    "memorysetup-temp-allocator-size-main=16777216"
    "memorysetup-job-temp-allocator-block-size=2097152"
    "memorysetup-job-temp-allocator-block-size-background=1048576"
    "memorysetup-job-temp-allocator-reduction-small-platforms=262144"
    "memorysetup-temp-allocator-size-background-worker=32768"
    "memorysetup-temp-allocator-size-job-worker=262144"
    "memorysetup-temp-allocator-size-preload-manager=33554432"
    "memorysetup-temp-allocator-size-nav-mesh-worker=65536"
    "memorysetup-temp-allocator-size-audio-worker=65536"
    "memorysetup-temp-allocator-size-cloud-worker=32768"
    "memorysetup-temp-allocator-size-gi-baking-worker=262144"
    "memorysetup-temp-allocator-size-gfx=262144"
Refreshing native plugins compatible for Editor in 113.40 ms, found 3 plugins.
Preloading 0 native plugins for Editor in 0.00 ms.
Initialize engine version: 2021.3.14f1 (eee1884e7226)
[Subsystems] Discovering subsystems at path C:/Program Files (x86)/2021.3.14f1/Editor/Data/Resources/UnitySubsystems
[Subsystems] Discovering subsystems at path D:/Yüksek Lisans/Server/Playfab - Copy/Assets
GfxDevice: creating device client; threaded=0; jobified=0
Direct3D:
    Version:  Direct3D 11.0 [level 11.1]
    Renderer: NVIDIA GeForce RTX 3060 Laptop GPU (ID=0x2520)
    Vendor:   NVIDIA
    VRAM:     6023 MB
    Driver:   27.21.14.6140
Initialize mono
Mono path[0] = 'C:/Program Files (x86)/2021.3.14f1/Editor/Data/Managed'
Mono path[1] = 'C:/Program Files (x86)/2021.3.14f1/Editor/Data/MonoBleedingEdge/lib/mono/unityjit-win32'
Mono config path = 'C:/Program Files (x86)/2021.3.14f1/Editor/Data/MonoBleedingEdge/etc'
Using monoOptions --debugger-agent=transport=dt_socket,embedding=1,server=y,suspend=n,address=127.0.0.1:56408
Begin MonoManager ReloadAssembly
Registering precompiled unity dll's ...
Register platform support module: C:/Program Files (x86)/2021.3.14f1/Editor/Data/PlaybackEngines/WindowsStandaloneSupport/UnityEditor.WindowsStandalone.Extensions.dll
Registered in 0.005508 seconds.
Native extension for WindowsStandalone target not found
Refreshing native plugins compatible for Editor in 87.71 ms, found 3 plugins.
Preloading 0 native plugins for Editor in 0.00 ms.
Mono: successfully reloaded assembly
- Completed reload, in  0.665 seconds
Domain Reload Profiling:
	ReloadAssembly (665ms)
		BeginReloadAssembly (86ms)
			ExecutionOrderSort (0ms)
			DisableScriptedObjects (0ms)
			BackupInstance (0ms)
			ReleaseScriptingObjects (0ms)
			CreateAndSetChildDomain (1ms)
		EndReloadAssembly (461ms)
			LoadAssemblies (82ms)
			RebuildTransferFunctionScriptingTraits (0ms)
			SetupTypeCache (112ms)
			ReleaseScriptCaches (0ms)
			RebuildScriptCaches (28ms)
			SetupLoadedEditorAssemblies (267ms)
				LogAssemblyErrors (0ms)
				InitializePlatformSupportModulesInManaged (8ms)
				SetLoadedEditorAssemblies (0ms)
				RefreshPlugins (88ms)
				BeforeProcessingInitializeOnLoad (1ms)
				ProcessInitializeOnLoadAttributes (125ms)
				ProcessInitializeOnLoadMethodAttributes (45ms)
				AfterProcessingInitializeOnLoad (0ms)
				EditorAssembliesLoaded (0ms)
			ExecutionOrderSort2 (0ms)
			AwakeInstancesAfterBackupRestoration (0ms)
Platform modules already initialized, skipping
Registering precompiled user dll's ...
Registered in 0.009715 seconds.
Begin MonoManager ReloadAssembly
Symbol file LoadedFromMemory doesn't match image D:\Yüksek Lisans\Server\Playfab - Copy\Library\PackageCache\com.unity.visualscripting@1.7.8\Editor\VisualScripting.Core\Dependencies\YamlDotNet\Unity.VisualScripting.YamlDotNet.dll
Symbol file LoadedFromMemory doesn't match image D:\Yüksek Lisans\Server\Playfab - Copy\Library\PackageCache\com.unity.visualscripting@1.7.8\Editor\VisualScripting.Core\Dependencies\DotNetZip\Unity.VisualScripting.IonicZip.dll
Native extension for WindowsStandalone target not found
Refreshing native plugins compatible for Editor in 0.76 ms, found 3 plugins.
Preloading 0 native plugins for Editor in 0.00 ms.
Launched and connected shader compiler UnityShaderCompiler.exe after 0.04 seconds
Mono: successfully reloaded assembly
- Completed reload, in  1.847 seconds
Domain Reload Profiling:
	ReloadAssembly (1848ms)
		BeginReloadAssembly (120ms)
			ExecutionOrderSort (0ms)
			DisableScriptedObjects (6ms)
			BackupInstance (0ms)
			ReleaseScriptingObjects (0ms)
			CreateAndSetChildDomain (21ms)
		EndReloadAssembly (1598ms)
			LoadAssemblies (98ms)
			RebuildTransferFunctionScriptingTraits (0ms)
			SetupTypeCache (364ms)
			ReleaseScriptCaches (1ms)
			RebuildScriptCaches (66ms)
			SetupLoadedEditorAssemblies (1041ms)
				LogAssemblyErrors (0ms)
				InitializePlatformSupportModulesInManaged (5ms)
				SetLoadedEditorAssemblies (1ms)
				RefreshPlugins (1ms)
				BeforeProcessingInitializeOnLoad (96ms)
				ProcessInitializeOnLoadAttributes (686ms)
				ProcessInitializeOnLoadMethodAttributes (234ms)
				AfterProcessingInitializeOnLoad (18ms)
				EditorAssembliesLoaded (0ms)
			ExecutionOrderSort2 (0ms)
			AwakeInstancesAfterBackupRestoration (4ms)
Platform modules already initialized, skipping
========================================================================
Worker process is ready to serve import requests
Refreshing native plugins compatible for Editor in 1.79 ms, found 3 plugins.
Preloading 0 native plugins for Editor in 0.00 ms.
Unloading 3900 Unused Serialized files (Serialized files now loaded: 0)
Unloading 49 unused Assets / (58.2 KB). Loaded Objects now: 4405.
Memory consumption went from 139.0 MB to 138.9 MB.
Total: 18.445400 ms (FindLiveObjects: 0.361300 ms CreateObjectMapping: 0.336000 ms MarkObjects: 17.636000 ms  DeleteObjects: 0.111000 ms)

AssetImportParameters requested are different than current active one (requested -> active):
  custom:video-decoder-ogg-theora: a1e56fd34408186e4bbccfd4996cb3dc -> 
  custom:container-muxer-webm: aa71ff27fc2769a1b78a27578f13a17b -> 
  custom:container-demuxer-webm: 4f35f7cbe854078d1ac9338744f61a02 -> 
  custom:video-encoder-webm-vp8: eb34c28f22e8b96e1ab97ce403110664 -> 
  custom:audio-encoder-webm-vorbis: bf7c407c2cedff20999df2af8eb42d56 -> 
  custom:framework-win-MediaFoundation: 216162199b28c13a410421893ffa2e32 -> 
  custom:container-demuxer-ogg: 62fdf1f143b41e24485cea50d1cbac27 -> 
  custom:video-decoder-webm-vp8: 9c59270c3fd7afecdb556c50c9e8de78 -> 
  custom:audio-decoder-ogg-vorbis: bf7c407c2cedff20999df2af8eb42d56 -> 
========================================================================
Received Import Request.
  Time since last request: 1511614.438325 seconds.
  path: Assets/Fantasy UI/Resource Icons/UI_Graphic_Resource_Iron.png
  artifactKey: Guid(46c993598ebc54c0c9ebd8a0050516fb) Importer(815301076,1909f56bfc062723c751e8b465ee728b)
Start importing Assets/Fantasy UI/Resource Icons/UI_Graphic_Resource_Iron.png using Guid(46c993598ebc54c0c9ebd8a0050516fb) Importer(815301076,1909f56bfc062723c751e8b465ee728b)  -> (artifact id: '37e244a149095b3af8dc20f3c5ab5c5f') in 0.206886 seconds 
========================================================================
Received Import Request.
  Time since last request: 5.433269 seconds.
  path: Assets/Fantasy UI/Simple Vector Icons/128px/UI_Icon_AlarmClock.png
  artifactKey: Guid(0ec17166b3a0b4f62abcc4a6814e95d8) Importer(815301076,1909f56bfc062723c751e8b465ee728b)
Start importing Assets/Fantasy UI/Simple Vector Icons/128px/UI_Icon_AlarmClock.png using Guid(0ec17166b3a0b4f62abcc4a6814e95d8) Importer(815301076,1909f56bfc062723c751e8b465ee728b)  -> (artifact id: '948394a5add84868334005042c759a86') in 0.038001 seconds 
========================================================================
Received Import Request.
  Time since last request: 0.000029 seconds.
  path: Assets/Fantasy UI/Simple Vector Icons/128px/UI_Icon_BtnDpad.png
  artifactKey: Guid(1a1ccbc805b3447f7922aa0e60fc76ea) Importer(815301076,1909f56bfc062723c751e8b465ee728b)
Start importing Assets/Fantasy UI/Simple Vector Icons/128px/UI_Icon_BtnDpad.png using Guid(1a1ccbc805b3447f7922aa0e60fc76ea) Importer(815301076,1909f56bfc062723c751e8b465ee728b)  -> (artifact id: 'd802bd9139835b19967d1d462f6c5cc6') in 0.016764 seconds 
========================================================================
Received Import Request.
  Time since last request: 0.000017 seconds.
  path: Assets/Fantasy UI/Simple Vector Icons/128px/UI_Icon_BtnPsSquareRound.png
  artifactKey: Guid(ef485c2b8361b4aed8178a3f06759694) Importer(815301076,1909f56bfc062723c751e8b465ee728b)
Start importing Assets/Fantasy UI/Simple Vector Icons/128px/UI_Icon_BtnPsSquareRound.png using Guid(ef485c2b8361b4aed8178a3f06759694) Importer(815301076,1909f56bfc062723c751e8b465ee728b)  -> (artifact id: '8029f6c2ff5c55ecdf74ca3ff3b9f9c8') in 0.017346 seconds 
========================================================================
Received Import Request.
  Time since last request: 0.000045 seconds.
  path: Assets/Fantasy UI/Simple Vector Icons/128px/UI_Icon_AlarmOn.png
  artifactKey: Guid(13c5a33fe51864fadad47fb3db1f514a) Importer(815301076,1909f56bfc062723c751e8b465ee728b)
Start importing Assets/Fantasy UI/Simple Vector Icons/128px/UI_Icon_AlarmOn.png using Guid(13c5a33fe51864fadad47fb3db1f514a) Importer(815301076,1909f56bfc062723c751e8b465ee728b)  -> (artifact id: 'f65e53968a7a09f423ef23fee5351147') in 0.015718 seconds 
========================================================================
Received Import Request.
  Time since last request: 0.000021 seconds.
  path: Assets/Fantasy UI/Simple Vector Icons/128px/UI_Icon_Bone.png
  artifactKey: Guid(ab5e0e59b5321450599f187724894bb8) Importer(815301076,1909f56bfc062723c751e8b465ee728b)
Start importing Assets/Fantasy UI/Simple Vector Icons/128px/UI_Icon_Bone.png using Guid(ab5e0e59b5321450599f187724894bb8) Importer(815301076,1909f56bfc062723c751e8b465ee728b)  -> (artifact id: 'ab87388d6bf2038ca78e02d9be90fd24') in 0.015994 seconds 
========================================================================
Received Import Request.
  Time since last request: 0.000028 seconds.
  path: Assets/Fantasy UI/Simple Vector Icons/128px/UI_Icon_BtnDpadDirUp.png
  artifactKey: Guid(79735ab0b303644a2bb4dc249f6f6d8a) Importer(815301076,1909f56bfc062723c751e8b465ee728b)
Start importing Assets/Fantasy UI/Simple Vector Icons/128px/UI_Icon_BtnDpadDirUp.png using Guid(79735ab0b303644a2bb4dc249f6f6d8a) Importer(815301076,1909f56bfc062723c751e8b465ee728b)  -> (artifact id: '79978e85137c0f5dd8cac7bf20ebb6ea') in 0.014205 seconds 
========================================================================
Received Import Request.
  Time since last request: 0.000025 seconds.
  path: Assets/Fantasy UI/Simple Vector Icons/128px/UI_Icon_Attachment.png
  artifactKey: Guid(f3ed75e740f65418681eabd1909d2276) Importer(815301076,1909f56bfc062723c751e8b465ee728b)
Start importing Assets/Fantasy UI/Simple Vector Icons/128px/UI_Icon_Attachment.png using Guid(f3ed75e740f65418681eabd1909d2276) Importer(815301076,1909f56bfc062723c751e8b465ee728b)  -> (artifact id: '86aa78f04bfd0cb90490f14c83022bb6') in 0.016116 seconds 
========================================================================
Received Import Request.
  Time since last request: 0.000019 seconds.
  path: Assets/Fantasy UI/Simple Vector Icons/128px/UI_Icon_Battery0.png
  artifactKey: Guid(b7595c745126543668a8737a3a379779) Importer(815301076,1909f56bfc062723c751e8b465ee728b)
Start importing Assets/Fantasy UI/Simple Vector Icons/128px/UI_Icon_Battery0.png using Guid(b7595c745126543668a8737a3a379779) Importer(815301076,1909f56bfc062723c751e8b465ee728b)  -> (artifact id: '99005b07c44572e8c6aaa67d354e11a6') in 0.013598 seconds 
========================================================================
Received Import Request.
  Time since last request: 0.000019 seconds.
  path: Assets/Fantasy UI/Simple Vector Icons/128px/UI_Icon_Bomb.png
  artifactKey: Guid(67ceb331988314ae39231e88577cc0be) Importer(815301076,1909f56bfc062723c751e8b465ee728b)
Start importing Assets/Fantasy UI/Simple Vector Icons/128px/UI_Icon_Bomb.png using Guid(67ceb331988314ae39231e88577cc0be) Importer(815301076,1909f56bfc062723c751e8b465ee728b)  -> (artifact id: 'ea9ee81cd7dbde035e43a76d43fcde16') in 0.014868 seconds 
========================================================================
Received Import Request.
  Time since last request: 0.000023 seconds.
  path: Assets/Fantasy UI/Simple Vector Icons/128px/UI_Icon_Battery50.png
  artifactKey: Guid(9dc0bdfe320e340bd85dd096e5acafa4) Importer(815301076,1909f56bfc062723c751e8b465ee728b)
Start importing Assets/Fantasy UI/Simple Vector Icons/128px/UI_Icon_Battery50.png using Guid(9dc0bdfe320e340bd85dd096e5acafa4) Importer(815301076,1909f56bfc062723c751e8b465ee728b)  -> (artifact id: 'd3f330d77f38cc7225bca6a88ca9c109') in 0.014967 seconds 
========================================================================
Received Import Request.
  Time since last request: 0.000019 seconds.
  path: Assets/Fantasy UI/Simple Vector Icons/128px/UI_Icon_BackSpace.png
  artifactKey: Guid(f3383c25aa9f84a72bc8b594a8d26805) Importer(815301076,1909f56bfc062723c751e8b465ee728b)
Start importing Assets/Fantasy UI/Simple Vector Icons/128px/UI_Icon_BackSpace.png using Guid(f3383c25aa9f84a72bc8b594a8d26805) Importer(815301076,1909f56bfc062723c751e8b465ee728b)  -> (artifact id: 'de40830ee6e321329ac26ada34efbe6b') in 0.014083 seconds 
========================================================================
Received Import Request.
  Time since last request: 0.000020 seconds.
  path: Assets/Fantasy UI/Simple Vector Icons/128px/UI_Icon_BtnPsSquare.png
  artifactKey: Guid(68b188ba5cf0a4105bd311f63457f333) Importer(815301076,1909f56bfc062723c751e8b465ee728b)
Start importing Assets/Fantasy UI/Simple Vector Icons/128px/UI_Icon_BtnPsSquare.png using Guid(68b188ba5cf0a4105bd311f63457f333) Importer(815301076,1909f56bfc062723c751e8b465ee728b)  -> (artifact id: 'ab5c0781f917afa11b3ca2927b514bd3') in 0.014812 seconds 
========================================================================
Received Import Request.
  Time since last request: 0.000021 seconds.
  path: Assets/Fantasy UI/Simple Vector Icons/128px/UI_Icon_BtnPsCircle.png
  artifactKey: Guid(666c6e3d9677749cd81ee8baeffdd184) Importer(815301076,1909f56bfc062723c751e8b465ee728b)
Start importing Assets/Fantasy UI/Simple Vector Icons/128px/UI_Icon_BtnPsCircle.png using Guid(666c6e3d9677749cd81ee8baeffdd184) Importer(815301076,1909f56bfc062723c751e8b465ee728b)  -> (artifact id: 'bb089eb149a503001a08ed088d62ea80') in 0.016025 seconds 
Editor requested this worker to shutdown with reason: Scaling down because of idle timeout
AssetImportWorker is now disconnected from the server
Process exiting
Exiting without the bug reporter. Application will terminate with return code 0