Using pre-set license
Built from '2021.3/staging' branch; Version is '2021.3.14f1 (eee1884e7226) revision 15655304'; Using compiler version '192829333'; Build Type 'Release'
OS: 'Windows 10  (10.0.19044) 64bit CoreSingleLanguage' Language: 'en' Physical Memory: 32604 MB
BatchMode: 1, IsHumanControllingUs: 0, StartBugReporterOnCrash: 0, Is64bit: 1, IsPro: 1

COMMAND LINE ARGUMENTS:
C:\Program Files (x86)\2021.3.14f1\Editor\Unity.exe
-adb2
-batchMode
-noUpm
-name
AssetImportWorker7
-projectPath
D:/Yüksek Lisans/Server/Playfab - Copy
-logFile
Logs/AssetImportWorker7.log
-srvPort
50686
Successfully changed project path to: D:/Yüksek Lisans/Server/Playfab - Copy
D:/Yüksek Lisans/Server/Playfab - Copy
[UnityMemory] Configuration Parameters - Can be set up in boot.config
    "memorysetup-bucket-allocator-granularity=16"
    "memorysetup-bucket-allocator-bucket-count=8"
    "memorysetup-bucket-allocator-block-size=33554432"
    "memorysetup-bucket-allocator-block-count=8"
    "memorysetup-main-allocator-block-size=16777216"
    "memorysetup-thread-allocator-block-size=16777216"
    "memorysetup-gfx-main-allocator-block-size=16777216"
    "memorysetup-gfx-thread-allocator-block-size=16777216"
    "memorysetup-cache-allocator-block-size=4194304"
    "memorysetup-typetree-allocator-block-size=2097152"
    "memorysetup-profiler-bucket-allocator-granularity=16"
    "memorysetup-profiler-bucket-allocator-bucket-count=8"
    "memorysetup-profiler-bucket-allocator-block-size=33554432"
    "memorysetup-profiler-bucket-allocator-block-count=8"
    "memorysetup-profiler-allocator-block-size=16777216"
    "memorysetup-profiler-editor-allocator-block-size=1048576"
    "memorysetup-temp-allocator-size-main=16777216"
    "memorysetup-job-temp-allocator-block-size=2097152"
    "memorysetup-job-temp-allocator-block-size-background=1048576"
    "memorysetup-job-temp-allocator-reduction-small-platforms=262144"
    "memorysetup-temp-allocator-size-background-worker=32768"
    "memorysetup-temp-allocator-size-job-worker=262144"
    "memorysetup-temp-allocator-size-preload-manager=33554432"
    "memorysetup-temp-allocator-size-nav-mesh-worker=65536"
    "memorysetup-temp-allocator-size-audio-worker=65536"
    "memorysetup-temp-allocator-size-cloud-worker=32768"
    "memorysetup-temp-allocator-size-gi-baking-worker=262144"
    "memorysetup-temp-allocator-size-gfx=262144"
Refreshing native plugins compatible for Editor in 86.81 ms, found 3 plugins.
Preloading 0 native plugins for Editor in 0.00 ms.
Initialize engine version: 2021.3.14f1 (eee1884e7226)
[Subsystems] Discovering subsystems at path C:/Program Files (x86)/2021.3.14f1/Editor/Data/Resources/UnitySubsystems
[Subsystems] Discovering subsystems at path D:/Yüksek Lisans/Server/Playfab - Copy/Assets
GfxDevice: creating device client; threaded=0; jobified=0
Direct3D:
    Version:  Direct3D 11.0 [level 11.1]
    Renderer: NVIDIA GeForce RTX 3060 Laptop GPU (ID=0x2520)
    Vendor:   NVIDIA
    VRAM:     6023 MB
    Driver:   27.21.14.6140
Initialize mono
Mono path[0] = 'C:/Program Files (x86)/2021.3.14f1/Editor/Data/Managed'
Mono path[1] = 'C:/Program Files (x86)/2021.3.14f1/Editor/Data/MonoBleedingEdge/lib/mono/unityjit-win32'
Mono config path = 'C:/Program Files (x86)/2021.3.14f1/Editor/Data/MonoBleedingEdge/etc'
Using monoOptions --debugger-agent=transport=dt_socket,embedding=1,server=y,suspend=n,address=127.0.0.1:56040
Begin MonoManager ReloadAssembly
Registering precompiled unity dll's ...
Register platform support module: C:/Program Files (x86)/2021.3.14f1/Editor/Data/PlaybackEngines/WindowsStandaloneSupport/UnityEditor.WindowsStandalone.Extensions.dll
Registered in 0.008725 seconds.
Native extension for WindowsStandalone target not found
Refreshing native plugins compatible for Editor in 96.71 ms, found 3 plugins.
Preloading 0 native plugins for Editor in 0.00 ms.
Mono: successfully reloaded assembly
- Completed reload, in  0.736 seconds
Domain Reload Profiling:
	ReloadAssembly (737ms)
		BeginReloadAssembly (83ms)
			ExecutionOrderSort (0ms)
			DisableScriptedObjects (0ms)
			BackupInstance (0ms)
			ReleaseScriptingObjects (0ms)
			CreateAndSetChildDomain (1ms)
		EndReloadAssembly (514ms)
			LoadAssemblies (81ms)
			RebuildTransferFunctionScriptingTraits (0ms)
			SetupTypeCache (135ms)
			ReleaseScriptCaches (0ms)
			RebuildScriptCaches (33ms)
			SetupLoadedEditorAssemblies (281ms)
				LogAssemblyErrors (0ms)
				InitializePlatformSupportModulesInManaged (8ms)
				SetLoadedEditorAssemblies (0ms)
				RefreshPlugins (97ms)
				BeforeProcessingInitializeOnLoad (2ms)
				ProcessInitializeOnLoadAttributes (128ms)
				ProcessInitializeOnLoadMethodAttributes (46ms)
				AfterProcessingInitializeOnLoad (0ms)
				EditorAssembliesLoaded (0ms)
			ExecutionOrderSort2 (0ms)
			AwakeInstancesAfterBackupRestoration (0ms)
Platform modules already initialized, skipping
Registering precompiled user dll's ...
Registered in 0.009999 seconds.
Begin MonoManager ReloadAssembly
Symbol file LoadedFromMemory doesn't match image D:\Yüksek Lisans\Server\Playfab - Copy\Library\PackageCache\com.unity.visualscripting@1.7.8\Editor\VisualScripting.Core\Dependencies\YamlDotNet\Unity.VisualScripting.YamlDotNet.dll
Symbol file LoadedFromMemory doesn't match image D:\Yüksek Lisans\Server\Playfab - Copy\Library\PackageCache\com.unity.visualscripting@1.7.8\Editor\VisualScripting.Core\Dependencies\DotNetZip\Unity.VisualScripting.IonicZip.dll
Native extension for WindowsStandalone target not found
Refreshing native plugins compatible for Editor in 0.74 ms, found 3 plugins.
Preloading 0 native plugins for Editor in 0.00 ms.
Launched and connected shader compiler UnityShaderCompiler.exe after 0.04 seconds
Mono: successfully reloaded assembly
- Completed reload, in  1.843 seconds
Domain Reload Profiling:
	ReloadAssembly (1844ms)
		BeginReloadAssembly (116ms)
			ExecutionOrderSort (0ms)
			DisableScriptedObjects (6ms)
			BackupInstance (0ms)
			ReleaseScriptingObjects (0ms)
			CreateAndSetChildDomain (18ms)
		EndReloadAssembly (1603ms)
			LoadAssemblies (97ms)
			RebuildTransferFunctionScriptingTraits (0ms)
			SetupTypeCache (370ms)
			ReleaseScriptCaches (1ms)
			RebuildScriptCaches (66ms)
			SetupLoadedEditorAssemblies (1037ms)
				LogAssemblyErrors (0ms)
				InitializePlatformSupportModulesInManaged (6ms)
				SetLoadedEditorAssemblies (1ms)
				RefreshPlugins (1ms)
				BeforeProcessingInitializeOnLoad (94ms)
				ProcessInitializeOnLoadAttributes (690ms)
				ProcessInitializeOnLoadMethodAttributes (234ms)
				AfterProcessingInitializeOnLoad (11ms)
				EditorAssembliesLoaded (0ms)
			ExecutionOrderSort2 (0ms)
			AwakeInstancesAfterBackupRestoration (5ms)
Platform modules already initialized, skipping
========================================================================
Worker process is ready to serve import requests
Refreshing native plugins compatible for Editor in 0.77 ms, found 3 plugins.
Preloading 0 native plugins for Editor in 0.00 ms.
Unloading 3900 Unused Serialized files (Serialized files now loaded: 0)
Unloading 49 unused Assets / (58.2 KB). Loaded Objects now: 4405.
Memory consumption went from 139.0 MB to 138.9 MB.
Total: 20.793200 ms (FindLiveObjects: 0.355800 ms CreateObjectMapping: 0.553200 ms MarkObjects: 19.770500 ms  DeleteObjects: 0.112700 ms)

AssetImportParameters requested are different than current active one (requested -> active):
  custom:video-decoder-ogg-theora: a1e56fd34408186e4bbccfd4996cb3dc -> 
  custom:container-muxer-webm: aa71ff27fc2769a1b78a27578f13a17b -> 
  custom:container-demuxer-webm: 4f35f7cbe854078d1ac9338744f61a02 -> 
  custom:video-encoder-webm-vp8: eb34c28f22e8b96e1ab97ce403110664 -> 
  custom:audio-encoder-webm-vorbis: bf7c407c2cedff20999df2af8eb42d56 -> 
  custom:framework-win-MediaFoundation: 216162199b28c13a410421893ffa2e32 -> 
  custom:container-demuxer-ogg: 62fdf1f143b41e24485cea50d1cbac27 -> 
  custom:video-decoder-webm-vp8: 9c59270c3fd7afecdb556c50c9e8de78 -> 
  custom:audio-decoder-ogg-vorbis: bf7c407c2cedff20999df2af8eb42d56 -> 
========================================================================
Received Import Request.
  Time since last request: 1511614.378333 seconds.
  path: Assets/Fantasy UI/Resource Icons/UI_Graphic_Resource_Food.png
  artifactKey: Guid(25b6b275757df4f589d23b542f236cb0) Importer(815301076,1909f56bfc062723c751e8b465ee728b)
Start importing Assets/Fantasy UI/Resource Icons/UI_Graphic_Resource_Food.png using Guid(25b6b275757df4f589d23b542f236cb0) Importer(815301076,1909f56bfc062723c751e8b465ee728b)  -> (artifact id: '06b3c5877abd135cfc1d8a0032bddf90') in 0.197877 seconds 
========================================================================
Received Import Request.
  Time since last request: 5.501881 seconds.
  path: Assets/Fantasy UI/Simple Vector Icons/128px/UI_Icon_AlarmOff.png
  artifactKey: Guid(583f53c626ad24a2e895aabc8361fa3b) Importer(815301076,1909f56bfc062723c751e8b465ee728b)
Start importing Assets/Fantasy UI/Simple Vector Icons/128px/UI_Icon_AlarmOff.png using Guid(583f53c626ad24a2e895aabc8361fa3b) Importer(815301076,1909f56bfc062723c751e8b465ee728b)  -> (artifact id: '720d61ee0e7f67379f7e05ddb01d3b0c') in 0.041341 seconds 
========================================================================
Received Import Request.
  Time since last request: 0.000019 seconds.
  path: Assets/Fantasy UI/Simple Vector Icons/128px/UI_Icon_BtnXboxARound.png
  artifactKey: Guid(aeb7975e77239449f96216f412b2c2cb) Importer(815301076,1909f56bfc062723c751e8b465ee728b)
Start importing Assets/Fantasy UI/Simple Vector Icons/128px/UI_Icon_BtnXboxARound.png using Guid(aeb7975e77239449f96216f412b2c2cb) Importer(815301076,1909f56bfc062723c751e8b465ee728b)  -> (artifact id: 'ea2cb3ef8b5ba97cdbbcada3d0513a25') in 0.016878 seconds 
========================================================================
Received Import Request.
  Time since last request: 0.000054 seconds.
  path: Assets/Fantasy UI/Simple Vector Icons/128px/UI_Icon_BatteryEmpty.png
  artifactKey: Guid(fb4560415443348379c489d1efdedbcb) Importer(815301076,1909f56bfc062723c751e8b465ee728b)
Start importing Assets/Fantasy UI/Simple Vector Icons/128px/UI_Icon_BatteryEmpty.png using Guid(fb4560415443348379c489d1efdedbcb) Importer(815301076,1909f56bfc062723c751e8b465ee728b)  -> (artifact id: 'd55bafcc3c37b0a0d10d8a93794b83d7') in 0.018930 seconds 
========================================================================
Received Import Request.
  Time since last request: 0.000037 seconds.
  path: Assets/Fantasy UI/Simple Vector Icons/128px/UI_Icon_BtnL1.png
  artifactKey: Guid(a8a6289bd90e34dab9c8ac7b98415f07) Importer(815301076,1909f56bfc062723c751e8b465ee728b)
Start importing Assets/Fantasy UI/Simple Vector Icons/128px/UI_Icon_BtnL1.png using Guid(a8a6289bd90e34dab9c8ac7b98415f07) Importer(815301076,1909f56bfc062723c751e8b465ee728b)  -> (artifact id: '073ac88a61b2e5d6e65660147bca9790') in 0.016958 seconds 
========================================================================
Received Import Request.
  Time since last request: 0.000020 seconds.
  path: Assets/Fantasy UI/Simple Vector Icons/128px/UI_Icon_BtnPsTriangle.png
  artifactKey: Guid(e451f2453d9f4479eb65921e64ec926d) Importer(815301076,1909f56bfc062723c751e8b465ee728b)
Start importing Assets/Fantasy UI/Simple Vector Icons/128px/UI_Icon_BtnPsTriangle.png using Guid(e451f2453d9f4479eb65921e64ec926d) Importer(815301076,1909f56bfc062723c751e8b465ee728b)  -> (artifact id: '91a6b7d28cb9c720d30b2623d8de31a6') in 0.015838 seconds 
========================================================================
Received Import Request.
  Time since last request: 0.000022 seconds.
  path: Assets/Fantasy UI/Simple Vector Icons/128px/UI_Icon_BtnR1.png
  artifactKey: Guid(9433b4b9289e047ebaaaa465034543a0) Importer(815301076,1909f56bfc062723c751e8b465ee728b)
Start importing Assets/Fantasy UI/Simple Vector Icons/128px/UI_Icon_BtnR1.png using Guid(9433b4b9289e047ebaaaa465034543a0) Importer(815301076,1909f56bfc062723c751e8b465ee728b)  -> (artifact id: '3d7d142123d893b2d8dd12345f66d97e') in 0.014858 seconds 
========================================================================
Received Import Request.
  Time since last request: 0.000026 seconds.
  path: Assets/Fantasy UI/Simple Vector Icons/128px/UI_Icon_Battery75.png
  artifactKey: Guid(d09db14ec47f940eea964d231fd2848d) Importer(815301076,1909f56bfc062723c751e8b465ee728b)
Start importing Assets/Fantasy UI/Simple Vector Icons/128px/UI_Icon_Battery75.png using Guid(d09db14ec47f940eea964d231fd2848d) Importer(815301076,1909f56bfc062723c751e8b465ee728b)  -> (artifact id: 'bacf68ae7601fb9b3244cdc8c39e4e65') in 0.013915 seconds 
========================================================================
Received Import Request.
  Time since last request: 0.000021 seconds.
  path: Assets/Fantasy UI/Simple Vector Icons/128px/UI_Icon_Battery100.png
  artifactKey: Guid(9b88b27d3a854478484f020caa3fa9f6) Importer(815301076,1909f56bfc062723c751e8b465ee728b)
Start importing Assets/Fantasy UI/Simple Vector Icons/128px/UI_Icon_Battery100.png using Guid(9b88b27d3a854478484f020caa3fa9f6) Importer(815301076,1909f56bfc062723c751e8b465ee728b)  -> (artifact id: '139ec8d6804ff6a774d4a8837a3fc6c0') in 0.015022 seconds 
========================================================================
Received Import Request.
  Time since last request: 0.000017 seconds.
  path: Assets/Fantasy UI/Simple Vector Icons/128px/UI_Icon_Bluetooth.png
  artifactKey: Guid(7834eda77dc3344fbbab16747b344b6c) Importer(815301076,1909f56bfc062723c751e8b465ee728b)
Start importing Assets/Fantasy UI/Simple Vector Icons/128px/UI_Icon_Bluetooth.png using Guid(7834eda77dc3344fbbab16747b344b6c) Importer(815301076,1909f56bfc062723c751e8b465ee728b)  -> (artifact id: '2287ee4713408c0002b8a87c9af839ef') in 0.016495 seconds 
========================================================================
Received Import Request.
  Time since last request: 0.000018 seconds.
  path: Assets/Fantasy UI/Simple Vector Icons/128px/UI_Icon_ArrowLeftRight.png
  artifactKey: Guid(dedddbc0137a047d990970dc2e8d58b9) Importer(815301076,1909f56bfc062723c751e8b465ee728b)
Start importing Assets/Fantasy UI/Simple Vector Icons/128px/UI_Icon_ArrowLeftRight.png using Guid(dedddbc0137a047d990970dc2e8d58b9) Importer(815301076,1909f56bfc062723c751e8b465ee728b)  -> (artifact id: '1663231165948597a132a82742480325') in 0.014969 seconds 
========================================================================
Received Import Request.
  Time since last request: 0.000021 seconds.
  path: Assets/Fantasy UI/Simple Vector Icons/128px/UI_Icon_BtnDpadDirDown.png
  artifactKey: Guid(0d40cb424e11c454e8f47d4b8ecf62b6) Importer(815301076,1909f56bfc062723c751e8b465ee728b)
Start importing Assets/Fantasy UI/Simple Vector Icons/128px/UI_Icon_BtnDpadDirDown.png using Guid(0d40cb424e11c454e8f47d4b8ecf62b6) Importer(815301076,1909f56bfc062723c751e8b465ee728b)  -> (artifact id: 'ec9390f09340a7aa7e0ecebc3d222b92') in 0.014286 seconds 
========================================================================
Received Import Request.
  Time since last request: 0.000031 seconds.
  path: Assets/Fantasy UI/Simple Vector Icons/128px/UI_Icon_BtnDpadVertical.png
  artifactKey: Guid(e1bf7461d5db74c1f81d0d54a99d7a00) Importer(815301076,1909f56bfc062723c751e8b465ee728b)
Start importing Assets/Fantasy UI/Simple Vector Icons/128px/UI_Icon_BtnDpadVertical.png using Guid(e1bf7461d5db74c1f81d0d54a99d7a00) Importer(815301076,1909f56bfc062723c751e8b465ee728b)  -> (artifact id: '54cb4f1634e9cf4ab3c688068d581dd9') in 0.013849 seconds 
========================================================================
Received Import Request.
  Time since last request: 0.000021 seconds.
  path: Assets/Fantasy UI/Simple Vector Icons/128px/UI_Icon_Book.png
  artifactKey: Guid(73db3eb6061ac4831a4d571cca9070c0) Importer(815301076,1909f56bfc062723c751e8b465ee728b)
Start importing Assets/Fantasy UI/Simple Vector Icons/128px/UI_Icon_Book.png using Guid(73db3eb6061ac4831a4d571cca9070c0) Importer(815301076,1909f56bfc062723c751e8b465ee728b)  -> (artifact id: 'f5ceee16768603fdc33211faa659a243') in 0.014204 seconds 
Editor requested this worker to shutdown with reason: Scaling down because of idle timeout
AssetImportWorker is now disconnected from the server
Process exiting
Exiting without the bug reporter. Application will terminate with return code 0