Using pre-set license
Built from '2021.3/staging' branch; Version is '2021.3.14f1 (eee1884e7226) revision 15655304'; Using compiler version '192829333'; Build Type 'Release'
OS: 'Windows 10  (10.0.19044) 64bit CoreSingleLanguage' Language: 'en' Physical Memory: 32604 MB
BatchMode: 1, IsHumanControllingUs: 0, StartBugReporterOnCrash: 0, Is64bit: 1, IsPro: 1

COMMAND LINE ARGUMENTS:
C:\Program Files (x86)\2021.3.14f1\Editor\Unity.exe
-adb2
-batchMode
-noUpm
-name
AssetImportWorker0
-projectPath
D:/Yüksek Lisans/Server/Playfab - Copy
-logFile
Logs/AssetImportWorker0.log
-srvPort
58198
Successfully changed project path to: D:/Yüksek Lisans/Server/Playfab - Copy
D:/Yüksek Lisans/Server/Playfab - Copy
[UnityMemory] Configuration Parameters - Can be set up in boot.config
    "memorysetup-bucket-allocator-granularity=16"
    "memorysetup-bucket-allocator-bucket-count=8"
    "memorysetup-bucket-allocator-block-size=33554432"
    "memorysetup-bucket-allocator-block-count=8"
    "memorysetup-main-allocator-block-size=16777216"
    "memorysetup-thread-allocator-block-size=16777216"
    "memorysetup-gfx-main-allocator-block-size=16777216"
    "memorysetup-gfx-thread-allocator-block-size=16777216"
    "memorysetup-cache-allocator-block-size=4194304"
    "memorysetup-typetree-allocator-block-size=2097152"
    "memorysetup-profiler-bucket-allocator-granularity=16"
    "memorysetup-profiler-bucket-allocator-bucket-count=8"
    "memorysetup-profiler-bucket-allocator-block-size=33554432"
    "memorysetup-profiler-bucket-allocator-block-count=8"
    "memorysetup-profiler-allocator-block-size=16777216"
    "memorysetup-profiler-editor-allocator-block-size=1048576"
    "memorysetup-temp-allocator-size-main=16777216"
    "memorysetup-job-temp-allocator-block-size=2097152"
    "memorysetup-job-temp-allocator-block-size-background=1048576"
    "memorysetup-job-temp-allocator-reduction-small-platforms=262144"
    "memorysetup-temp-allocator-size-background-worker=32768"
    "memorysetup-temp-allocator-size-job-worker=262144"
    "memorysetup-temp-allocator-size-preload-manager=33554432"
    "memorysetup-temp-allocator-size-nav-mesh-worker=65536"
    "memorysetup-temp-allocator-size-audio-worker=65536"
    "memorysetup-temp-allocator-size-cloud-worker=32768"
    "memorysetup-temp-allocator-size-gi-baking-worker=262144"
    "memorysetup-temp-allocator-size-gfx=262144"
Refreshing native plugins compatible for Editor in 94.11 ms, found 3 plugins.
Preloading 0 native plugins for Editor in 0.00 ms.
Initialize engine version: 2021.3.14f1 (eee1884e7226)
[Subsystems] Discovering subsystems at path C:/Program Files (x86)/2021.3.14f1/Editor/Data/Resources/UnitySubsystems
[Subsystems] Discovering subsystems at path D:/Yüksek Lisans/Server/Playfab - Copy/Assets
GfxDevice: creating device client; threaded=0; jobified=0
Direct3D:
    Version:  Direct3D 11.0 [level 11.1]
    Renderer: NVIDIA GeForce RTX 3060 Laptop GPU (ID=0x2520)
    Vendor:   NVIDIA
    VRAM:     6023 MB
    Driver:   27.21.14.6140
Initialize mono
Mono path[0] = 'C:/Program Files (x86)/2021.3.14f1/Editor/Data/Managed'
Mono path[1] = 'C:/Program Files (x86)/2021.3.14f1/Editor/Data/MonoBleedingEdge/lib/mono/unityjit-win32'
Mono config path = 'C:/Program Files (x86)/2021.3.14f1/Editor/Data/MonoBleedingEdge/etc'
Using monoOptions --debugger-agent=transport=dt_socket,embedding=1,server=y,suspend=n,address=127.0.0.1:56640
Begin MonoManager ReloadAssembly
Registering precompiled unity dll's ...
Register platform support module: C:/Program Files (x86)/2021.3.14f1/Editor/Data/PlaybackEngines/WindowsStandaloneSupport/UnityEditor.WindowsStandalone.Extensions.dll
Registered in 0.005837 seconds.
Native extension for WindowsStandalone target not found
Refreshing native plugins compatible for Editor in 95.76 ms, found 3 plugins.
Preloading 0 native plugins for Editor in 0.00 ms.
Mono: successfully reloaded assembly
- Completed reload, in  0.688 seconds
Domain Reload Profiling:
	ReloadAssembly (689ms)
		BeginReloadAssembly (79ms)
			ExecutionOrderSort (0ms)
			DisableScriptedObjects (0ms)
			BackupInstance (0ms)
			ReleaseScriptingObjects (0ms)
			CreateAndSetChildDomain (1ms)
		EndReloadAssembly (487ms)
			LoadAssemblies (76ms)
			RebuildTransferFunctionScriptingTraits (0ms)
			SetupTypeCache (114ms)
			ReleaseScriptCaches (0ms)
			RebuildScriptCaches (29ms)
			SetupLoadedEditorAssemblies (291ms)
				LogAssemblyErrors (0ms)
				InitializePlatformSupportModulesInManaged (8ms)
				SetLoadedEditorAssemblies (0ms)
				RefreshPlugins (96ms)
				BeforeProcessingInitializeOnLoad (1ms)
				ProcessInitializeOnLoadAttributes (138ms)
				ProcessInitializeOnLoadMethodAttributes (48ms)
				AfterProcessingInitializeOnLoad (0ms)
				EditorAssembliesLoaded (0ms)
			ExecutionOrderSort2 (0ms)
			AwakeInstancesAfterBackupRestoration (0ms)
Platform modules already initialized, skipping
Registering precompiled user dll's ...
Registered in 0.010777 seconds.
Begin MonoManager ReloadAssembly
Symbol file LoadedFromMemory doesn't match image D:\Yüksek Lisans\Server\Playfab - Copy\Library\PackageCache\com.unity.visualscripting@1.7.8\Editor\VisualScripting.Core\Dependencies\YamlDotNet\Unity.VisualScripting.YamlDotNet.dll
Symbol file LoadedFromMemory doesn't match image D:\Yüksek Lisans\Server\Playfab - Copy\Library\PackageCache\com.unity.visualscripting@1.7.8\Editor\VisualScripting.Core\Dependencies\DotNetZip\Unity.VisualScripting.IonicZip.dll
Native extension for WindowsStandalone target not found
Refreshing native plugins compatible for Editor in 0.88 ms, found 3 plugins.
Preloading 0 native plugins for Editor in 0.00 ms.
Launched and connected shader compiler UnityShaderCompiler.exe after 0.05 seconds
Mono: successfully reloaded assembly
- Completed reload, in  1.958 seconds
Domain Reload Profiling:
	ReloadAssembly (1959ms)
		BeginReloadAssembly (122ms)
			ExecutionOrderSort (0ms)
			DisableScriptedObjects (6ms)
			BackupInstance (0ms)
			ReleaseScriptingObjects (0ms)
			CreateAndSetChildDomain (19ms)
		EndReloadAssembly (1686ms)
			LoadAssemblies (107ms)
			RebuildTransferFunctionScriptingTraits (0ms)
			SetupTypeCache (396ms)
			ReleaseScriptCaches (1ms)
			RebuildScriptCaches (70ms)
			SetupLoadedEditorAssemblies (1085ms)
				LogAssemblyErrors (0ms)
				InitializePlatformSupportModulesInManaged (6ms)
				SetLoadedEditorAssemblies (0ms)
				RefreshPlugins (1ms)
				BeforeProcessingInitializeOnLoad (94ms)
				ProcessInitializeOnLoadAttributes (726ms)
				ProcessInitializeOnLoadMethodAttributes (248ms)
				AfterProcessingInitializeOnLoad (10ms)
				EditorAssembliesLoaded (0ms)
			ExecutionOrderSort2 (0ms)
			AwakeInstancesAfterBackupRestoration (5ms)
Platform modules already initialized, skipping
========================================================================
Worker process is ready to serve import requests
Refreshing native plugins compatible for Editor in 0.80 ms, found 3 plugins.
Preloading 0 native plugins for Editor in 0.00 ms.
Unloading 4034 Unused Serialized files (Serialized files now loaded: 0)
Unloading 61 unused Assets / (1.3 MB). Loaded Objects now: 4528.
Memory consumption went from 150.9 MB to 149.6 MB.
Total: 16.001800 ms (FindLiveObjects: 0.372400 ms CreateObjectMapping: 0.349400 ms MarkObjects: 15.002400 ms  DeleteObjects: 0.276200 ms)

AssetImportParameters requested are different than current active one (requested -> active):
  custom:video-decoder-ogg-theora: a1e56fd34408186e4bbccfd4996cb3dc -> 
  custom:container-muxer-webm: aa71ff27fc2769a1b78a27578f13a17b -> 
  custom:container-demuxer-webm: 4f35f7cbe854078d1ac9338744f61a02 -> 
  custom:video-encoder-webm-vp8: eb34c28f22e8b96e1ab97ce403110664 -> 
  custom:audio-encoder-webm-vorbis: bf7c407c2cedff20999df2af8eb42d56 -> 
  custom:framework-win-MediaFoundation: 216162199b28c13a410421893ffa2e32 -> 
  custom:container-demuxer-ogg: 62fdf1f143b41e24485cea50d1cbac27 -> 
  custom:video-decoder-webm-vp8: 9c59270c3fd7afecdb556c50c9e8de78 -> 
  custom:audio-decoder-ogg-vorbis: bf7c407c2cedff20999df2af8eb42d56 -> 
========================================================================
Received Import Request.
  Time since last request: 1885369.114365 seconds.
  path: Assets/Art/3D/Fbx/Rock_Terrain.001.fbx
  artifactKey: Guid(eeb39a7e75c3d1e46800275521eb36dd) Importer(815301076,1909f56bfc062723c751e8b465ee728b)
Start importing Assets/Art/3D/Fbx/Rock_Terrain.001.fbx using Guid(eeb39a7e75c3d1e46800275521eb36dd) Importer(815301076,1909f56bfc062723c751e8b465ee728b)  -> (artifact id: 'c40cb445271a7f885b44b30da70ef2e2') in 0.162764 seconds 
========================================================================
Received Import Request.
  Time since last request: 0.000020 seconds.
  path: Assets/Art/3D/Fbx/Obstacle/Obs_12.fbx
  artifactKey: Guid(d687062fb815f8146a8d02d9f4a98e26) Importer(815301076,1909f56bfc062723c751e8b465ee728b)
Start importing Assets/Art/3D/Fbx/Obstacle/Obs_12.fbx using Guid(d687062fb815f8146a8d02d9f4a98e26) Importer(815301076,1909f56bfc062723c751e8b465ee728b)  -> (artifact id: '4852b4166dcc39990ff325800db84217') in 0.080421 seconds 
========================================================================
Received Import Request.
  Time since last request: 0.000027 seconds.
  path: Assets/Art/3D/Fbx/Obstacle/Obstacle_09.fbx
  artifactKey: Guid(5e7f8c024c384b74e83358b37ee74601) Importer(815301076,1909f56bfc062723c751e8b465ee728b)
Start importing Assets/Art/3D/Fbx/Obstacle/Obstacle_09.fbx using Guid(5e7f8c024c384b74e83358b37ee74601) Importer(815301076,1909f56bfc062723c751e8b465ee728b)  -> (artifact id: 'e4e2f44c31e608d12533f4f6e3824611') in 0.033895 seconds 
========================================================================
Received Import Request.
  Time since last request: 0.000036 seconds.
  path: Assets/Art/3D/Fbx/Rock_10.fbx
  artifactKey: Guid(34aed4129d841dc4dbb46885e48df14d) Importer(815301076,1909f56bfc062723c751e8b465ee728b)
Start importing Assets/Art/3D/Fbx/Rock_10.fbx using Guid(34aed4129d841dc4dbb46885e48df14d) Importer(815301076,1909f56bfc062723c751e8b465ee728b)  -> (artifact id: '3b32cad550b019c2f0b7bd3ec414378a') in 0.023269 seconds 
========================================================================
Received Import Request.
  Time since last request: 0.000025 seconds.
  path: Assets/Art/3D/Fbx/Obstacle/Obstacle_2.fbx
  artifactKey: Guid(3da95becafc5afd4e8c9c3b0204cb10d) Importer(815301076,1909f56bfc062723c751e8b465ee728b)
Start importing Assets/Art/3D/Fbx/Obstacle/Obstacle_2.fbx using Guid(3da95becafc5afd4e8c9c3b0204cb10d) Importer(815301076,1909f56bfc062723c751e8b465ee728b)  -> (artifact id: '51b2bd2b715b2e39bc88d3fcb1e476ca') in 0.023461 seconds 
========================================================================
Received Import Request.
  Time since last request: 0.000019 seconds.
  path: Assets/Art/3D/Fbx/Rock_05.fbx
  artifactKey: Guid(e464de5af6e1cf44e867603c032b6e14) Importer(815301076,1909f56bfc062723c751e8b465ee728b)
Start importing Assets/Art/3D/Fbx/Rock_05.fbx using Guid(e464de5af6e1cf44e867603c032b6e14) Importer(815301076,1909f56bfc062723c751e8b465ee728b)  -> (artifact id: 'fff878b20f09f7b7c7483e502eef8e5b') in 0.025019 seconds 
========================================================================
Received Import Request.
  Time since last request: 0.000030 seconds.
  path: Assets/Art/3D/Fbx/Rock_03.fbx
  artifactKey: Guid(a7fddc071cf76dd4491a50d534d59d6d) Importer(815301076,1909f56bfc062723c751e8b465ee728b)
Start importing Assets/Art/3D/Fbx/Rock_03.fbx using Guid(a7fddc071cf76dd4491a50d534d59d6d) Importer(815301076,1909f56bfc062723c751e8b465ee728b)  -> (artifact id: '08b8b7ecdb3b80e926e19b1e81031046') in 0.029894 seconds 
========================================================================
Received Import Request.
  Time since last request: 0.000020 seconds.
  path: Assets/Art/3D/Fbx/Cactus_03.fbx
  artifactKey: Guid(aef8ba53a88efdc478aba123906c2888) Importer(815301076,1909f56bfc062723c751e8b465ee728b)
Start importing Assets/Art/3D/Fbx/Cactus_03.fbx using Guid(aef8ba53a88efdc478aba123906c2888) Importer(815301076,1909f56bfc062723c751e8b465ee728b)  -> (artifact id: '4e455d38bce19d4b929f872923c1f7dd') in 0.024992 seconds 
========================================================================
Received Import Request.
  Time since last request: 0.000016 seconds.
  path: Assets/Art/3D/Fbx/Tree_02.fbx
  artifactKey: Guid(f90302f4660cc9047a7e214eb6a56645) Importer(815301076,1909f56bfc062723c751e8b465ee728b)
Start importing Assets/Art/3D/Fbx/Tree_02.fbx using Guid(f90302f4660cc9047a7e214eb6a56645) Importer(815301076,1909f56bfc062723c751e8b465ee728b)  -> (artifact id: 'e3c4f06589f65b7e22e287240f34940b') in 0.026519 seconds 
========================================================================
Received Import Request.
  Time since last request: 0.000020 seconds.
  path: Assets/Art/3D/Fbx/Tree_04_01.fbx
  artifactKey: Guid(fdeb74c73d5aa8044aca1337a39140de) Importer(815301076,1909f56bfc062723c751e8b465ee728b)
Start importing Assets/Art/3D/Fbx/Tree_04_01.fbx using Guid(fdeb74c73d5aa8044aca1337a39140de) Importer(815301076,1909f56bfc062723c751e8b465ee728b)  -> (artifact id: '4d81c8ab436af6d41ba9db7a2b3e5010') in 0.025529 seconds 
========================================================================
Received Import Request.
  Time since last request: 0.000036 seconds.
  path: Assets/Art/3D/Fbx/Rock_Terrain.002.fbx
  artifactKey: Guid(2b42d018e7c8e594098827c9f390885f) Importer(815301076,1909f56bfc062723c751e8b465ee728b)
Start importing Assets/Art/3D/Fbx/Rock_Terrain.002.fbx using Guid(2b42d018e7c8e594098827c9f390885f) Importer(815301076,1909f56bfc062723c751e8b465ee728b)  -> (artifact id: '20df33bae2650a3cb69a2dad67025ece') in 0.016220 seconds 
========================================================================
Received Import Request.
  Time since last request: 0.000058 seconds.
  path: Assets/Art/3D/Fbx/Rock_Terrain.005.fbx
  artifactKey: Guid(8b9d2c7f0b68a3649892f54817d89e45) Importer(815301076,1909f56bfc062723c751e8b465ee728b)
Start importing Assets/Art/3D/Fbx/Rock_Terrain.005.fbx using Guid(8b9d2c7f0b68a3649892f54817d89e45) Importer(815301076,1909f56bfc062723c751e8b465ee728b)  -> (artifact id: '64a4578a04f0683dd715bdb75f1282bc') in 0.015491 seconds 
========================================================================
Received Import Request.
  Time since last request: 0.000026 seconds.
  path: Assets/Art/3D/Fbx/Rock_12.fbx
  artifactKey: Guid(5a3a6dde4cd38a440ad5d3386ee3a748) Importer(815301076,1909f56bfc062723c751e8b465ee728b)
Start importing Assets/Art/3D/Fbx/Rock_12.fbx using Guid(5a3a6dde4cd38a440ad5d3386ee3a748) Importer(815301076,1909f56bfc062723c751e8b465ee728b)  -> (artifact id: 'd3c88778923d96b29deab4f9c9462bb4') in 0.022917 seconds 
========================================================================
Received Import Request.
  Time since last request: 0.000022 seconds.
  path: Assets/Art/3D/Fbx/Rock_09.fbx
  artifactKey: Guid(e803e403e13575147befb974d11de55d) Importer(815301076,1909f56bfc062723c751e8b465ee728b)
Start importing Assets/Art/3D/Fbx/Rock_09.fbx using Guid(e803e403e13575147befb974d11de55d) Importer(815301076,1909f56bfc062723c751e8b465ee728b)  -> (artifact id: 'b9a26c2b1e4a6fea6f2c9a570ec6e58c') in 0.022511 seconds 
========================================================================
Received Import Request.
  Time since last request: 0.000027 seconds.
  path: Assets/Art/3D/Fbx/Tree_04_03.fbx
  artifactKey: Guid(46bf9623cf5fd2048810a0358fd3c7e5) Importer(815301076,1909f56bfc062723c751e8b465ee728b)
Start importing Assets/Art/3D/Fbx/Tree_04_03.fbx using Guid(46bf9623cf5fd2048810a0358fd3c7e5) Importer(815301076,1909f56bfc062723c751e8b465ee728b)  -> (artifact id: '1e9785a0e7197e4e35f42d1a1fb601b9') in 0.023979 seconds 
========================================================================
Received Import Request.
  Time since last request: 6.911770 seconds.
  path: Assets/Art/3D/Materials/M_Terrain.mat
  artifactKey: Guid(d9ac4884c5e76234493b030171d54258) Importer(815301076,1909f56bfc062723c751e8b465ee728b)
Start importing Assets/Art/3D/Materials/M_Terrain.mat using Guid(d9ac4884c5e76234493b030171d54258) Importer(815301076,1909f56bfc062723c751e8b465ee728b)  -> (artifact id: 'c02848bffdbb2678fe890ca09253c47f') in 0.035681 seconds 
========================================================================
Received Import Request.
  Time since last request: 0.412193 seconds.
  path: Assets/Art/3D/PostP/Global Volume.prefab
  artifactKey: Guid(a654a301663e71845ba2763d394e07d5) Importer(815301076,1909f56bfc062723c751e8b465ee728b)
Start importing Assets/Art/3D/PostP/Global Volume.prefab using Guid(a654a301663e71845ba2763d394e07d5) Importer(815301076,1909f56bfc062723c751e8b465ee728b)  -> (artifact id: 'c29f8f9897736ca1c5f86fbf52c6a0ef') in 0.011031 seconds 
========================================================================
Received Import Request.
  Time since last request: 1.405403 seconds.
  path: Assets/Art/3D/Texture/T_Floor_02v3.png
  artifactKey: Guid(33b676a1a02418048a40db4d2251798b) Importer(815301076,1909f56bfc062723c751e8b465ee728b)
Start importing Assets/Art/3D/Texture/T_Floor_02v3.png using Guid(33b676a1a02418048a40db4d2251798b) Importer(815301076,1909f56bfc062723c751e8b465ee728b)  -> (artifact id: 'f76fd3170ffa795bf84453b131bd746c') in 0.033318 seconds 
========================================================================
Received Import Request.
  Time since last request: 621.510357 seconds.
  path: Assets/Prefabs/Env/Tree_01.001 Variant.prefab
  artifactKey: Guid(a97891719968ada46b1a7b96649eba64) Importer(815301076,1909f56bfc062723c751e8b465ee728b)
Start importing Assets/Prefabs/Env/Tree_01.001 Variant.prefab using Guid(a97891719968ada46b1a7b96649eba64) Importer(815301076,1909f56bfc062723c751e8b465ee728b)  -> (artifact id: 'b26f949bb3285de2592c6d5edaa64cf7') in 0.016926 seconds 
========================================================================
Received Import Request.
  Time since last request: 0.012390 seconds.
  path: Assets/Prefabs/Env/Tree_04_01 Variant.prefab
  artifactKey: Guid(4288897730334e847a1b2870e3a7db69) Importer(815301076,1909f56bfc062723c751e8b465ee728b)
Start importing Assets/Prefabs/Env/Tree_04_01 Variant.prefab using Guid(4288897730334e847a1b2870e3a7db69) Importer(815301076,1909f56bfc062723c751e8b465ee728b)  -> (artifact id: '6928f1bd2ff6571db72b85ec5894f177') in 0.033168 seconds 
========================================================================
Received Import Request.
  Time since last request: 0.000023 seconds.
  path: Assets/Prefabs/Env/Tree_02 Variant.prefab
  artifactKey: Guid(6f1491773a504884e9322f512e7415d1) Importer(815301076,1909f56bfc062723c751e8b465ee728b)
Start importing Assets/Prefabs/Env/Tree_02 Variant.prefab using Guid(6f1491773a504884e9322f512e7415d1) Importer(815301076,1909f56bfc062723c751e8b465ee728b)  -> (artifact id: '7699646d6b2f5a4271ddd4894d989e48') in 0.012511 seconds 
========================================================================
Received Import Request.
  Time since last request: 0.000024 seconds.
  path: Assets/Prefabs/Env/Tree_03 Variant.prefab
  artifactKey: Guid(2fd61d3cf8a81254c91270322bf4c4fa) Importer(815301076,1909f56bfc062723c751e8b465ee728b)
Start importing Assets/Prefabs/Env/Tree_03 Variant.prefab using Guid(2fd61d3cf8a81254c91270322bf4c4fa) Importer(815301076,1909f56bfc062723c751e8b465ee728b)  -> (artifact id: 'b08f83d7ea3b6c9f36aaa02cc5627529') in 0.018296 seconds 
Editor requested this worker to shutdown with reason: Scaling down because of idle timeout
AssetImportWorker is now disconnected from the server
Process exiting
Exiting without the bug reporter. Application will terminate with return code 0