Using pre-set license
Built from '2021.3/staging' branch; Version is '2021.3.14f1 (eee1884e7226) revision 15655304'; Using compiler version '192829333'; Build Type 'Release'
OS: 'Windows 10  (10.0.19044) 64bit CoreSingleLanguage' Language: 'en' Physical Memory: 32604 MB
BatchMode: 1, IsHumanControllingUs: 0, StartBugReporterOnCrash: 0, Is64bit: 1, IsPro: 1

COMMAND LINE ARGUMENTS:
C:\Program Files (x86)\2021.3.14f1\Editor\Unity.exe
-adb2
-batchMode
-noUpm
-name
AssetImportWorker3
-projectPath
D:/Yüksek Lisans/Server/Playfab - Copy
-logFile
Logs/AssetImportWorker3.log
-srvPort
58198
Successfully changed project path to: D:/Yüksek Lisans/Server/Playfab - Copy
D:/Yüksek Lisans/Server/Playfab - Copy
[UnityMemory] Configuration Parameters - Can be set up in boot.config
    "memorysetup-bucket-allocator-granularity=16"
    "memorysetup-bucket-allocator-bucket-count=8"
    "memorysetup-bucket-allocator-block-size=33554432"
    "memorysetup-bucket-allocator-block-count=8"
    "memorysetup-main-allocator-block-size=16777216"
    "memorysetup-thread-allocator-block-size=16777216"
    "memorysetup-gfx-main-allocator-block-size=16777216"
    "memorysetup-gfx-thread-allocator-block-size=16777216"
    "memorysetup-cache-allocator-block-size=4194304"
    "memorysetup-typetree-allocator-block-size=2097152"
    "memorysetup-profiler-bucket-allocator-granularity=16"
    "memorysetup-profiler-bucket-allocator-bucket-count=8"
    "memorysetup-profiler-bucket-allocator-block-size=33554432"
    "memorysetup-profiler-bucket-allocator-block-count=8"
    "memorysetup-profiler-allocator-block-size=16777216"
    "memorysetup-profiler-editor-allocator-block-size=1048576"
    "memorysetup-temp-allocator-size-main=16777216"
    "memorysetup-job-temp-allocator-block-size=2097152"
    "memorysetup-job-temp-allocator-block-size-background=1048576"
    "memorysetup-job-temp-allocator-reduction-small-platforms=262144"
    "memorysetup-temp-allocator-size-background-worker=32768"
    "memorysetup-temp-allocator-size-job-worker=262144"
    "memorysetup-temp-allocator-size-preload-manager=33554432"
    "memorysetup-temp-allocator-size-nav-mesh-worker=65536"
    "memorysetup-temp-allocator-size-audio-worker=65536"
    "memorysetup-temp-allocator-size-cloud-worker=32768"
    "memorysetup-temp-allocator-size-gi-baking-worker=262144"
    "memorysetup-temp-allocator-size-gfx=262144"
Refreshing native plugins compatible for Editor in 94.61 ms, found 3 plugins.
Preloading 0 native plugins for Editor in 0.00 ms.
Initialize engine version: 2021.3.14f1 (eee1884e7226)
[Subsystems] Discovering subsystems at path C:/Program Files (x86)/2021.3.14f1/Editor/Data/Resources/UnitySubsystems
[Subsystems] Discovering subsystems at path D:/Yüksek Lisans/Server/Playfab - Copy/Assets
GfxDevice: creating device client; threaded=0; jobified=0
Direct3D:
    Version:  Direct3D 11.0 [level 11.1]
    Renderer: NVIDIA GeForce RTX 3060 Laptop GPU (ID=0x2520)
    Vendor:   NVIDIA
    VRAM:     6023 MB
    Driver:   27.21.14.6140
Initialize mono
Mono path[0] = 'C:/Program Files (x86)/2021.3.14f1/Editor/Data/Managed'
Mono path[1] = 'C:/Program Files (x86)/2021.3.14f1/Editor/Data/MonoBleedingEdge/lib/mono/unityjit-win32'
Mono config path = 'C:/Program Files (x86)/2021.3.14f1/Editor/Data/MonoBleedingEdge/etc'
Using monoOptions --debugger-agent=transport=dt_socket,embedding=1,server=y,suspend=n,address=127.0.0.1:56004
Begin MonoManager ReloadAssembly
Registering precompiled unity dll's ...
Register platform support module: C:/Program Files (x86)/2021.3.14f1/Editor/Data/PlaybackEngines/WindowsStandaloneSupport/UnityEditor.WindowsStandalone.Extensions.dll
Registered in 0.007591 seconds.
Native extension for WindowsStandalone target not found
Refreshing native plugins compatible for Editor in 95.27 ms, found 3 plugins.
Preloading 0 native plugins for Editor in 0.00 ms.
Mono: successfully reloaded assembly
- Completed reload, in  0.706 seconds
Domain Reload Profiling:
	ReloadAssembly (706ms)
		BeginReloadAssembly (81ms)
			ExecutionOrderSort (0ms)
			DisableScriptedObjects (0ms)
			BackupInstance (0ms)
			ReleaseScriptingObjects (0ms)
			CreateAndSetChildDomain (1ms)
		EndReloadAssembly (495ms)
			LoadAssemblies (78ms)
			RebuildTransferFunctionScriptingTraits (0ms)
			SetupTypeCache (117ms)
			ReleaseScriptCaches (0ms)
			RebuildScriptCaches (31ms)
			SetupLoadedEditorAssemblies (295ms)
				LogAssemblyErrors (0ms)
				InitializePlatformSupportModulesInManaged (8ms)
				SetLoadedEditorAssemblies (0ms)
				RefreshPlugins (95ms)
				BeforeProcessingInitializeOnLoad (1ms)
				ProcessInitializeOnLoadAttributes (137ms)
				ProcessInitializeOnLoadMethodAttributes (53ms)
				AfterProcessingInitializeOnLoad (0ms)
				EditorAssembliesLoaded (0ms)
			ExecutionOrderSort2 (0ms)
			AwakeInstancesAfterBackupRestoration (0ms)
Platform modules already initialized, skipping
Registering precompiled user dll's ...
Registered in 0.011017 seconds.
Begin MonoManager ReloadAssembly
Symbol file LoadedFromMemory doesn't match image D:\Yüksek Lisans\Server\Playfab - Copy\Library\PackageCache\com.unity.visualscripting@1.7.8\Editor\VisualScripting.Core\Dependencies\YamlDotNet\Unity.VisualScripting.YamlDotNet.dll
Symbol file LoadedFromMemory doesn't match image D:\Yüksek Lisans\Server\Playfab - Copy\Library\PackageCache\com.unity.visualscripting@1.7.8\Editor\VisualScripting.Core\Dependencies\DotNetZip\Unity.VisualScripting.IonicZip.dll
Native extension for WindowsStandalone target not found
Refreshing native plugins compatible for Editor in 0.84 ms, found 3 plugins.
Preloading 0 native plugins for Editor in 0.00 ms.
Launched and connected shader compiler UnityShaderCompiler.exe after 0.05 seconds
Mono: successfully reloaded assembly
- Completed reload, in  1.948 seconds
Domain Reload Profiling:
	ReloadAssembly (1949ms)
		BeginReloadAssembly (132ms)
			ExecutionOrderSort (0ms)
			DisableScriptedObjects (9ms)
			BackupInstance (0ms)
			ReleaseScriptingObjects (0ms)
			CreateAndSetChildDomain (21ms)
		EndReloadAssembly (1677ms)
			LoadAssemblies (116ms)
			RebuildTransferFunctionScriptingTraits (0ms)
			SetupTypeCache (387ms)
			ReleaseScriptCaches (1ms)
			RebuildScriptCaches (75ms)
			SetupLoadedEditorAssemblies (1068ms)
				LogAssemblyErrors (0ms)
				InitializePlatformSupportModulesInManaged (6ms)
				SetLoadedEditorAssemblies (0ms)
				RefreshPlugins (1ms)
				BeforeProcessingInitializeOnLoad (100ms)
				ProcessInitializeOnLoadAttributes (717ms)
				ProcessInitializeOnLoadMethodAttributes (236ms)
				AfterProcessingInitializeOnLoad (9ms)
				EditorAssembliesLoaded (0ms)
			ExecutionOrderSort2 (0ms)
			AwakeInstancesAfterBackupRestoration (5ms)
Platform modules already initialized, skipping
========================================================================
Worker process is ready to serve import requests
Refreshing native plugins compatible for Editor in 0.83 ms, found 3 plugins.
Preloading 0 native plugins for Editor in 0.00 ms.
Unloading 4034 Unused Serialized files (Serialized files now loaded: 0)
Unloading 61 unused Assets / (1.3 MB). Loaded Objects now: 4528.
Memory consumption went from 150.9 MB to 149.6 MB.
Total: 15.513300 ms (FindLiveObjects: 0.435900 ms CreateObjectMapping: 0.412900 ms MarkObjects: 14.406000 ms  DeleteObjects: 0.257400 ms)

AssetImportParameters requested are different than current active one (requested -> active):
  custom:video-decoder-ogg-theora: a1e56fd34408186e4bbccfd4996cb3dc -> 
  custom:container-muxer-webm: aa71ff27fc2769a1b78a27578f13a17b -> 
  custom:container-demuxer-webm: 4f35f7cbe854078d1ac9338744f61a02 -> 
  custom:video-encoder-webm-vp8: eb34c28f22e8b96e1ab97ce403110664 -> 
  custom:audio-encoder-webm-vorbis: bf7c407c2cedff20999df2af8eb42d56 -> 
  custom:framework-win-MediaFoundation: 216162199b28c13a410421893ffa2e32 -> 
  custom:container-demuxer-ogg: 62fdf1f143b41e24485cea50d1cbac27 -> 
  custom:video-decoder-webm-vp8: 9c59270c3fd7afecdb556c50c9e8de78 -> 
  custom:audio-decoder-ogg-vorbis: bf7c407c2cedff20999df2af8eb42d56 -> 
========================================================================
Received Import Request.
  Time since last request: 1885369.093872 seconds.
  path: Assets/Art/3D/Fbx/Tree_01.001.fbx
  artifactKey: Guid(694beb0dca1d9244fac3a94450ac3b7a) Importer(815301076,1909f56bfc062723c751e8b465ee728b)
Start importing Assets/Art/3D/Fbx/Tree_01.001.fbx using Guid(694beb0dca1d9244fac3a94450ac3b7a) Importer(815301076,1909f56bfc062723c751e8b465ee728b)  -> (artifact id: '5b990839b8634ec4acdd430e50d0c213') in 0.176037 seconds 
========================================================================
Received Import Request.
  Time since last request: 0.000018 seconds.
  path: Assets/Art/3D/Fbx/Barrel_01.fbx
  artifactKey: Guid(b4ed912eb4b974847920b8d6656b15e1) Importer(815301076,1909f56bfc062723c751e8b465ee728b)
Start importing Assets/Art/3D/Fbx/Barrel_01.fbx using Guid(b4ed912eb4b974847920b8d6656b15e1) Importer(815301076,1909f56bfc062723c751e8b465ee728b)  -> (artifact id: 'f98e4fa78995b4a63358b726fcb6b18e') in 0.049417 seconds 
========================================================================
Received Import Request.
  Time since last request: 0.000022 seconds.
  path: Assets/Art/3D/Fbx/Rock_Terrain.004.fbx
  artifactKey: Guid(575f3fbde89657e40a009c5a9486c12f) Importer(815301076,1909f56bfc062723c751e8b465ee728b)
Start importing Assets/Art/3D/Fbx/Rock_Terrain.004.fbx using Guid(575f3fbde89657e40a009c5a9486c12f) Importer(815301076,1909f56bfc062723c751e8b465ee728b)  -> (artifact id: '7dcd04e13f0f06935da0766a743e025d') in 0.016276 seconds 
========================================================================
Received Import Request.
  Time since last request: 0.000032 seconds.
  path: Assets/Art/3D/Fbx/Obstacle/Obstacle_7.fbx
  artifactKey: Guid(f6d191e6c2dbb4049b30eb7b4abd8199) Importer(815301076,1909f56bfc062723c751e8b465ee728b)
Start importing Assets/Art/3D/Fbx/Obstacle/Obstacle_7.fbx using Guid(f6d191e6c2dbb4049b30eb7b4abd8199) Importer(815301076,1909f56bfc062723c751e8b465ee728b)  -> (artifact id: '04fbcff141bcec70f97f10b910f694c1') in 0.053890 seconds 
========================================================================
Received Import Request.
  Time since last request: 0.000025 seconds.
  path: Assets/Art/3D/Fbx/Rock_01.fbx
  artifactKey: Guid(a5a112c1cce7b49489696fde8b101cd6) Importer(815301076,1909f56bfc062723c751e8b465ee728b)
Start importing Assets/Art/3D/Fbx/Rock_01.fbx using Guid(a5a112c1cce7b49489696fde8b101cd6) Importer(815301076,1909f56bfc062723c751e8b465ee728b)  -> (artifact id: '26d17258b491b37ae0526e3142fad88e') in 0.023334 seconds 
========================================================================
Received Import Request.
  Time since last request: 0.000020 seconds.
  path: Assets/Art/3D/Fbx/Spikes_04.fbx
  artifactKey: Guid(a90212b34c6dcd24c96dc2c05d574fab) Importer(815301076,1909f56bfc062723c751e8b465ee728b)
Start importing Assets/Art/3D/Fbx/Spikes_04.fbx using Guid(a90212b34c6dcd24c96dc2c05d574fab) Importer(815301076,1909f56bfc062723c751e8b465ee728b)  -> (artifact id: '9c954153d9943162a01e599be8936def') in 0.024453 seconds 
========================================================================
Received Import Request.
  Time since last request: 0.000018 seconds.
  path: Assets/Art/3D/Fbx/Rock_Terrain.fbx
  artifactKey: Guid(271af64bca6024344b731910e2ff3d2c) Importer(815301076,1909f56bfc062723c751e8b465ee728b)
Start importing Assets/Art/3D/Fbx/Rock_Terrain.fbx using Guid(271af64bca6024344b731910e2ff3d2c) Importer(815301076,1909f56bfc062723c751e8b465ee728b)  -> (artifact id: '4ef094f21077f433abffd474bda377a9') in 0.019569 seconds 
========================================================================
Received Import Request.
  Time since last request: 0.000025 seconds.
  path: Assets/Art/3D/Fbx/Rock_11.fbx
  artifactKey: Guid(65ad8019bd51f5341982452e05057bb8) Importer(815301076,1909f56bfc062723c751e8b465ee728b)
Start importing Assets/Art/3D/Fbx/Rock_11.fbx using Guid(65ad8019bd51f5341982452e05057bb8) Importer(815301076,1909f56bfc062723c751e8b465ee728b)  -> (artifact id: 'a98c751b436c7c206761375c7800e584') in 0.027904 seconds 
========================================================================
Received Import Request.
  Time since last request: 0.000016 seconds.
  path: Assets/Art/3D/Fbx/TreeTrun_01.fbx
  artifactKey: Guid(bf75cc80dce158143a6e9cdca9bbdbc9) Importer(815301076,1909f56bfc062723c751e8b465ee728b)
Start importing Assets/Art/3D/Fbx/TreeTrun_01.fbx using Guid(bf75cc80dce158143a6e9cdca9bbdbc9) Importer(815301076,1909f56bfc062723c751e8b465ee728b)  -> (artifact id: '06eeddc3db185cf98a1a243254659c74') in 0.024946 seconds 
========================================================================
Received Import Request.
  Time since last request: 0.000019 seconds.
  path: Assets/Art/3D/Fbx/Terrain_01.fbx
  artifactKey: Guid(9300cf0ee207bbd4d8975cceaab14d09) Importer(815301076,1909f56bfc062723c751e8b465ee728b)
Start importing Assets/Art/3D/Fbx/Terrain_01.fbx using Guid(9300cf0ee207bbd4d8975cceaab14d09) Importer(815301076,1909f56bfc062723c751e8b465ee728b)  -> (artifact id: 'bef38ca6b0cf5115e9afb4f68e7bbfc1') in 0.025331 seconds 
========================================================================
Received Import Request.
  Time since last request: 0.000029 seconds.
  path: Assets/Art/3D/Fbx/Obstacle/Obstacle_03.fbx
  artifactKey: Guid(5dd21fadbabd7a944a478de19632e2d2) Importer(815301076,1909f56bfc062723c751e8b465ee728b)
Start importing Assets/Art/3D/Fbx/Obstacle/Obstacle_03.fbx using Guid(5dd21fadbabd7a944a478de19632e2d2) Importer(815301076,1909f56bfc062723c751e8b465ee728b)  -> (artifact id: '3dc706ad0e66399b9c9cbc4c3eb6458d') in 0.062654 seconds 
========================================================================
Received Import Request.
  Time since last request: 0.000027 seconds.
  path: Assets/Art/3D/Fbx/Spikes_02.fbx
  artifactKey: Guid(cf40fc5101b4a1a44b8243fada57fcff) Importer(815301076,1909f56bfc062723c751e8b465ee728b)
Start importing Assets/Art/3D/Fbx/Spikes_02.fbx using Guid(cf40fc5101b4a1a44b8243fada57fcff) Importer(815301076,1909f56bfc062723c751e8b465ee728b)  -> (artifact id: '210b796b0e891cfd0dfb745a5a19643a') in 0.022062 seconds 
========================================================================
Received Import Request.
  Time since last request: 0.000022 seconds.
  path: Assets/Art/3D/Fbx/Campfire_01.fbx
  artifactKey: Guid(d554d856dcb67a540ba6563da49de387) Importer(815301076,1909f56bfc062723c751e8b465ee728b)
Start importing Assets/Art/3D/Fbx/Campfire_01.fbx using Guid(d554d856dcb67a540ba6563da49de387) Importer(815301076,1909f56bfc062723c751e8b465ee728b)  -> (artifact id: 'a421e4f016827a904ecdc43628f6fccb') in 0.020554 seconds 
========================================================================
Received Import Request.
  Time since last request: 0.000022 seconds.
  path: Assets/Art/3D/Fbx/Flag_02.fbx
  artifactKey: Guid(3ef5ce346ea81974483964d321986309) Importer(815301076,1909f56bfc062723c751e8b465ee728b)
Start importing Assets/Art/3D/Fbx/Flag_02.fbx using Guid(3ef5ce346ea81974483964d321986309) Importer(815301076,1909f56bfc062723c751e8b465ee728b)  -> (artifact id: 'd8f9032d95fa591804d07c3012eb6d53') in 0.022523 seconds 
========================================================================
Received Import Request.
  Time since last request: 0.000026 seconds.
  path: Assets/Art/3D/Fbx/Obstacle/Obstacle_6.fbx
  artifactKey: Guid(5150d2102ab612e4bbabdfb986cedf02) Importer(815301076,1909f56bfc062723c751e8b465ee728b)
Start importing Assets/Art/3D/Fbx/Obstacle/Obstacle_6.fbx using Guid(5150d2102ab612e4bbabdfb986cedf02) Importer(815301076,1909f56bfc062723c751e8b465ee728b)  -> (artifact id: 'd31e35cf789c264a1d7c91b1dc8ae344') in 0.030961 seconds 
Editor requested this worker to shutdown with reason: Scaling down because of idle timeout
AssetImportWorker is now disconnected from the server
Process exiting
Exiting without the bug reporter. Application will terminate with return code 0